{"D:\\WebDev\\AKG_Websites\\stock-management-system\\server\\api\\health.get.ts": {"path":"D:\\WebDev\\AKG_Websites\\stock-management-system\\server\\api\\health.get.ts","statementMap":{"0":{"start":{"line":13,"column":23},"end":{"line":13,"column":null}},"1":{"start":{"line":14,"column":37},"end":{"line":14,"column":null}},"2":{"start":{"line":16,"column":2},"end":{"line":24,"column":null}},"3":{"start":{"line":18,"column":4},"end":{"line":18,"column":null}},"4":{"start":{"line":19,"column":4},"end":{"line":19,"column":null}},"5":{"start":{"line":21,"column":4},"end":{"line":21,"column":null}},"6":{"start":{"line":22,"column":4},"end":{"line":22,"column":null}},"7":{"start":{"line":23,"column":4},"end":{"line":23,"column":null}},"8":{"start":{"line":28,"column":19},"end":{"line":38,"column":null}},"9":{"start":{"line":41,"column":2},"end":{"line":41,"column":null}}},"fnMap":{"0":{"name":"(anonymous_0)","decl":{"start":{"line":12,"column":34},"end":{"line":12,"column":46}},"loc":{"start":{"line":12,"column":46},"end":{"line":42,"column":1}},"line":12}},"branchMap":{"0":{"loc":{"start":{"line":23,"column":20},"end":{"line":23,"column":null}},"type":"cond-expr","locations":[{"start":{"line":23,"column":45},"end":{"line":23,"column":61}},{"start":{"line":23,"column":61},"end":{"line":23,"column":null}}],"line":23},"1":{"loc":{"start":{"line":29,"column":12},"end":{"line":29,"column":null}},"type":"cond-expr","locations":[{"start":{"line":29,"column":45},"end":{"line":29,"column":57}},{"start":{"line":29,"column":57},"end":{"line":29,"column":null}}],"line":29},"2":{"loc":{"start":{"line":34,"column":6},"end":{"line":36,"column":null}},"type":"cond-expr","locations":[{"start":{"line":35,"column":10},"end":{"line":35,"column":null}},{"start":{"line":36,"column":10},"end":{"line":36,"column":null}}],"line":34},"3":{"loc":{"start":{"line":37,"column":11},"end":{"line":37,"column":null}},"type":"binary-expr","locations":[{"start":{"line":37,"column":11},"end":{"line":37,"column":28}},{"start":{"line":37,"column":28},"end":{"line":37,"column":null}}],"line":37}},"s":{"0":0,"1":0,"2":0,"3":0,"4":0,"5":0,"6":0,"7":0,"8":0,"9":0},"f":{"0":0},"b":{"0":[0,0],"1":[0,0],"2":[0,0],"3":[0,0]},"meta":{"lastBranch":4,"lastFunction":1,"lastStatement":10,"seen":{"f:12:34:12:46":0,"s:13:23:13:Infinity":0,"s:14:37:14:Infinity":1,"s:16:2:24:Infinity":2,"s:18:4:18:Infinity":3,"s:19:4:19:Infinity":4,"s:21:4:21:Infinity":5,"s:22:4:22:Infinity":6,"s:23:4:23:Infinity":7,"b:23:45:23:61:23:61:23:Infinity":0,"s:28:19:38:Infinity":8,"b:29:45:29:57:29:57:29:Infinity":1,"b:35:10:35:Infinity:36:10:36:Infinity":2,"b:37:11:37:28:37:28:37:Infinity":3,"s:41:2:41:Infinity":9}}}
,"D:\\WebDev\\AKG_Websites\\stock-management-system\\server\\api\\approvals\\[id].get.ts": {"path":"D:\\WebDev\\AKG_Websites\\stock-management-system\\server\\api\\approvals\\[id].get.ts","statementMap":{"0":{"start":{"line":17,"column":15},"end":{"line":17,"column":null}},"1":{"start":{"line":19,"column":2},"end":{"line":28,"column":null}},"2":{"start":{"line":20,"column":4},"end":{"line":27,"column":null}},"3":{"start":{"line":30,"column":2},"end":{"line":212,"column":null}},"4":{"start":{"line":31,"column":23},"end":{"line":31,"column":null}},"5":{"start":{"line":33,"column":4},"end":{"line":42,"column":null}},"6":{"start":{"line":34,"column":6},"end":{"line":41,"column":null}},"7":{"start":{"line":45,"column":21},"end":{"line":65,"column":null}},"8":{"start":{"line":67,"column":4},"end":{"line":76,"column":null}},"9":{"start":{"line":68,"column":6},"end":{"line":75,"column":null}},"10":{"start":{"line":79,"column":17},"end":{"line":79,"column":null}},"11":{"start":{"line":80,"column":4},"end":{"line":181,"column":null}},"12":{"start":{"line":82,"column":8},"end":{"line":114,"column":null}},"13":{"start":{"line":115,"column":8},"end":{"line":115,"column":null}},"14":{"start":{"line":118,"column":8},"end":{"line":141,"column":null}},"15":{"start":{"line":142,"column":8},"end":{"line":142,"column":null}},"16":{"start":{"line":145,"column":8},"end":{"line":160,"column":null}},"17":{"start":{"line":161,"column":8},"end":{"line":161,"column":null}},"18":{"start":{"line":164,"column":8},"end":{"line":179,"column":null}},"19":{"start":{"line":180,"column":8},"end":{"line":180,"column":null}},"20":{"start":{"line":183,"column":4},"end":{"line":196,"column":null}},"21":{"start":{"line":199,"column":4},"end":{"line":201,"column":null}},"22":{"start":{"line":200,"column":6},"end":{"line":200,"column":null}},"23":{"start":{"line":203,"column":4},"end":{"line":203,"column":null}},"24":{"start":{"line":204,"column":4},"end":{"line":211,"column":null}}},"fnMap":{"0":{"name":"(anonymous_0)","decl":{"start":{"line":16,"column":34},"end":{"line":16,"column":41}},"loc":{"start":{"line":16,"column":51},"end":{"line":213,"column":1}},"line":16}},"branchMap":{"0":{"loc":{"start":{"line":19,"column":2},"end":{"line":28,"column":null}},"type":"if","locations":[{"start":{"line":19,"column":2},"end":{"line":28,"column":null}},{"start":{},"end":{}}],"line":19},"1":{"loc":{"start":{"line":33,"column":4},"end":{"line":42,"column":null}},"type":"if","locations":[{"start":{"line":33,"column":4},"end":{"line":42,"column":null}},{"start":{},"end":{}}],"line":33},"2":{"loc":{"start":{"line":67,"column":4},"end":{"line":76,"column":null}},"type":"if","locations":[{"start":{"line":67,"column":4},"end":{"line":76,"column":null}},{"start":{},"end":{}}],"line":67},"3":{"loc":{"start":{"line":80,"column":4},"end":{"line":181,"column":null}},"type":"switch","locations":[{"start":{"line":81,"column":6},"end":{"line":115,"column":null}},{"start":{"line":117,"column":6},"end":{"line":142,"column":null}},{"start":{"line":144,"column":6},"end":{"line":161,"column":null}},{"start":{"line":163,"column":6},"end":{"line":180,"column":null}}],"line":80},"4":{"loc":{"start":{"line":199,"column":4},"end":{"line":201,"column":null}},"type":"if","locations":[{"start":{"line":199,"column":4},"end":{"line":201,"column":null}},{"start":{},"end":{}}],"line":199},"5":{"loc":{"start":{"line":199,"column":8},"end":{"line":199,"column":69}},"type":"binary-expr","locations":[{"start":{"line":199,"column":8},"end":{"line":199,"column":17}},{"start":{"line":199,"column":17},"end":{"line":199,"column":46}},{"start":{"line":199,"column":46},"end":{"line":199,"column":69}}],"line":199}},"s":{"0":0,"1":0,"2":0,"3":0,"4":0,"5":0,"6":0,"7":0,"8":0,"9":0,"10":0,"11":0,"12":0,"13":0,"14":0,"15":0,"16":0,"17":0,"18":0,"19":0,"20":0,"21":0,"22":0,"23":0,"24":0},"f":{"0":0},"b":{"0":[0,0],"1":[0,0],"2":[0,0],"3":[0,0,0,0],"4":[0,0],"5":[0,0,0]},"meta":{"lastBranch":6,"lastFunction":1,"lastStatement":25,"seen":{"f:16:34:16:41":0,"s:17:15:17:Infinity":0,"b:19:2:28:Infinity:undefined:undefined:undefined:undefined":0,"s:19:2:28:Infinity":1,"s:20:4:27:Infinity":2,"s:30:2:212:Infinity":3,"s:31:23:31:Infinity":4,"b:33:4:42:Infinity:undefined:undefined:undefined:undefined":1,"s:33:4:42:Infinity":5,"s:34:6:41:Infinity":6,"s:45:21:65:Infinity":7,"b:67:4:76:Infinity:undefined:undefined:undefined:undefined":2,"s:67:4:76:Infinity":8,"s:68:6:75:Infinity":9,"s:79:17:79:Infinity":10,"b:81:6:115:Infinity:117:6:142:Infinity:144:6:161:Infinity:163:6:180:Infinity":3,"s:80:4:181:Infinity":11,"s:82:8:114:Infinity":12,"s:115:8:115:Infinity":13,"s:118:8:141:Infinity":14,"s:142:8:142:Infinity":15,"s:145:8:160:Infinity":16,"s:161:8:161:Infinity":17,"s:164:8:179:Infinity":18,"s:180:8:180:Infinity":19,"s:183:4:196:Infinity":20,"b:199:4:201:Infinity:undefined:undefined:undefined:undefined":4,"s:199:4:201:Infinity":21,"b:199:8:199:17:199:17:199:46:199:46:199:69":5,"s:200:6:200:Infinity":22,"s:203:4:203:Infinity":23,"s:204:4:211:Infinity":24}}}
,"D:\\WebDev\\AKG_Websites\\stock-management-system\\server\\api\\approvals\\[id]\\approve.patch.ts": {"path":"D:\\WebDev\\AKG_Websites\\stock-management-system\\server\\api\\approvals\\[id]\\approve.patch.ts","statementMap":{"0":{"start":{"line":69,"column":15},"end":{"line":69,"column":null}},"1":{"start":{"line":71,"column":2},"end":{"line":80,"column":null}},"2":{"start":{"line":72,"column":4},"end":{"line":79,"column":null}},"3":{"start":{"line":83,"column":2},"end":{"line":92,"column":null}},"4":{"start":{"line":84,"column":4},"end":{"line":91,"column":null}},"5":{"start":{"line":94,"column":2},"end":{"line":190,"column":null}},"6":{"start":{"line":95,"column":23},"end":{"line":95,"column":null}},"7":{"start":{"line":97,"column":4},"end":{"line":106,"column":null}},"8":{"start":{"line":98,"column":6},"end":{"line":105,"column":null}},"9":{"start":{"line":109,"column":21},"end":{"line":111,"column":null}},"10":{"start":{"line":113,"column":4},"end":{"line":122,"column":null}},"11":{"start":{"line":114,"column":6},"end":{"line":121,"column":null}},"12":{"start":{"line":125,"column":4},"end":{"line":135,"column":null}},"13":{"start":{"line":126,"column":6},"end":{"line":134,"column":null}},"14":{"start":{"line":138,"column":4},"end":{"line":174,"column":null}},"15":{"start":{"line":140,"column":8},"end":{"line":140,"column":null}},"16":{"start":{"line":144,"column":8},"end":{"line":151,"column":null}},"17":{"start":{"line":156,"column":8},"end":{"line":163,"column":null}},"18":{"start":{"line":166,"column":8},"end":{"line":173,"column":null}},"19":{"start":{"line":177,"column":4},"end":{"line":179,"column":null}},"20":{"start":{"line":178,"column":6},"end":{"line":178,"column":null}},"21":{"start":{"line":181,"column":4},"end":{"line":181,"column":null}},"22":{"start":{"line":182,"column":4},"end":{"line":189,"column":null}},"23":{"start":{"line":202,"column":17},"end":{"line":218,"column":null}},"24":{"start":{"line":220,"column":2},"end":{"line":229,"column":null}},"25":{"start":{"line":221,"column":4},"end":{"line":228,"column":null}},"26":{"start":{"line":232,"column":2},"end":{"line":242,"column":null}},"27":{"start":{"line":233,"column":4},"end":{"line":241,"column":null}},"28":{"start":{"line":245,"column":28},"end":{"line":247,"column":null}},"29":{"start":{"line":246,"column":40},"end":{"line":246,"column":null}},"30":{"start":{"line":248,"column":2},"end":{"line":260,"column":null}},"31":{"start":{"line":249,"column":4},"end":{"line":259,"column":null}},"32":{"start":{"line":256,"column":46},"end":{"line":256,"column":null}},"33":{"start":{"line":262,"column":14},"end":{"line":262,"column":null}},"34":{"start":{"line":263,"column":22},"end":{"line":265,"column":null}},"35":{"start":{"line":264,"column":40},"end":{"line":264,"column":null}},"36":{"start":{"line":268,"column":27},"end":{"line":290,"column":null}},"37":{"start":{"line":293,"column":29},"end":{"line":298,"column":null}},"38":{"start":{"line":301,"column":36},"end":{"line":301,"column":null}},"39":{"start":{"line":302,"column":2},"end":{"line":343,"column":null}},"40":{"start":{"line":303,"column":25},"end":{"line":303,"column":null}},"41":{"start":{"line":304,"column":21},"end":{"line":304,"column":null}},"42":{"start":{"line":305,"column":24},"end":{"line":305,"column":null}},"43":{"start":{"line":306,"column":25},"end":{"line":306,"column":null}},"44":{"start":{"line":307,"column":19},"end":{"line":307,"column":null}},"45":{"start":{"line":308,"column":25},"end":{"line":308,"column":null}},"46":{"start":{"line":309,"column":24},"end":{"line":309,"column":null}},"47":{"start":{"line":310,"column":24},"end":{"line":310,"column":null}},"48":{"start":{"line":311,"column":20},"end":{"line":311,"column":null}},"49":{"start":{"line":312,"column":26},"end":{"line":312,"column":null}},"50":{"start":{"line":316,"column":6},"end":{"line":324,"column":null}},"51":{"start":{"line":327,"column":21},"end":{"line":327,"column":null}},"52":{"start":{"line":329,"column":4},"end":{"line":342,"column":null}},"53":{"start":{"line":346,"column":30},"end":{"line":346,"column":null}},"54":{"start":{"line":348,"column":2},"end":{"line":382,"column":null}},"55":{"start":{"line":349,"column":26},"end":{"line":351,"column":null}},"56":{"start":{"line":350,"column":41},"end":{"line":350,"column":null}},"57":{"start":{"line":353,"column":35},"end":{"line":365,"column":null}},"58":{"start":{"line":354,"column":23},"end":{"line":354,"column":null}},"59":{"start":{"line":355,"column":18},"end":{"line":355,"column":null}},"60":{"start":{"line":356,"column":6},"end":{"line":364,"column":null}},"61":{"start":{"line":367,"column":23},"end":{"line":367,"column":null}},"62":{"start":{"line":367,"column":51},"end":{"line":367,"column":69}},"63":{"start":{"line":370,"column":27},"end":{"line":370,"column":null}},"64":{"start":{"line":372,"column":4},"end":{"line":381,"column":null}},"65":{"start":{"line":385,"column":17},"end":{"line":450,"column":null}},"66":{"start":{"line":387,"column":28},"end":{"line":394,"column":null}},"67":{"start":{"line":397,"column":67},"end":{"line":397,"column":null}},"68":{"start":{"line":399,"column":4},"end":{"line":416,"column":null}},"69":{"start":{"line":400,"column":6},"end":{"line":415,"column":null}},"70":{"start":{"line":419,"column":4},"end":{"line":419,"column":null}},"71":{"start":{"line":422,"column":26},"end":{"line":447,"column":null}},"72":{"start":{"line":449,"column":4},"end":{"line":449,"column":null}},"73":{"start":{"line":453,"column":28},"end":{"line":459,"column":null}},"74":{"start":{"line":453,"column":88},"end":{"line":459,"column":4}},"75":{"start":{"line":461,"column":28},"end":{"line":461,"column":null}},"76":{"start":{"line":461,"column":67},"end":{"line":461,"column":91}},"77":{"start":{"line":463,"column":2},"end":{"line":491,"column":null}},"78":{"start":{"line":475,"column":45},"end":{"line":482,"column":null}}},"fnMap":{"0":{"name":"(anonymous_0)","decl":{"start":{"line":68,"column":34},"end":{"line":68,"column":41}},"loc":{"start":{"line":68,"column":51},"end":{"line":191,"column":1}},"line":68},"1":{"name":"handlePeriodCloseApproval","decl":{"start":{"line":196,"column":15},"end":{"line":196,"column":null}},"loc":{"start":{"line":200,"column":2},"end":{"line":492,"column":null}},"line":200},"2":{"name":"(anonymous_2)","decl":{"start":{"line":246,"column":4},"end":{"line":246,"column":5}},"loc":{"start":{"line":246,"column":40},"end":{"line":246,"column":null}},"line":246},"3":{"name":"(anonymous_3)","decl":{"start":{"line":256,"column":10},"end":{"line":256,"column":11}},"loc":{"start":{"line":256,"column":46},"end":{"line":256,"column":null}},"line":256},"4":{"name":"(anonymous_4)","decl":{"start":{"line":264,"column":4},"end":{"line":264,"column":5}},"loc":{"start":{"line":264,"column":40},"end":{"line":264,"column":null}},"line":264},"5":{"name":"(anonymous_5)","decl":{"start":{"line":350,"column":6},"end":{"line":350,"column":7}},"loc":{"start":{"line":350,"column":41},"end":{"line":350,"column":null}},"line":350},"6":{"name":"(anonymous_6)","decl":{"start":{"line":353,"column":53},"end":{"line":353,"column":54}},"loc":{"start":{"line":353,"column":88},"end":{"line":365,"column":5}},"line":353},"7":{"name":"(anonymous_7)","decl":{"start":{"line":367,"column":36},"end":{"line":367,"column":37}},"loc":{"start":{"line":367,"column":51},"end":{"line":367,"column":69}},"line":367},"8":{"name":"(anonymous_8)","decl":{"start":{"line":385,"column":43},"end":{"line":385,"column":50}},"loc":{"start":{"line":385,"column":83},"end":{"line":450,"column":3}},"line":385},"9":{"name":"(anonymous_9)","decl":{"start":{"line":453,"column":73},"end":{"line":453,"column":74}},"loc":{"start":{"line":453,"column":88},"end":{"line":459,"column":4}},"line":453},"10":{"name":"(anonymous_10)","decl":{"start":{"line":461,"column":53},"end":{"line":461,"column":54}},"loc":{"start":{"line":461,"column":67},"end":{"line":461,"column":91}},"line":461},"11":{"name":"(anonymous_11)","decl":{"start":{"line":475,"column":8},"end":{"line":475,"column":9}},"loc":{"start":{"line":475,"column":45},"end":{"line":482,"column":null}},"line":475}},"branchMap":{"0":{"loc":{"start":{"line":71,"column":2},"end":{"line":80,"column":null}},"type":"if","locations":[{"start":{"line":71,"column":2},"end":{"line":80,"column":null}},{"start":{},"end":{}}],"line":71},"1":{"loc":{"start":{"line":83,"column":2},"end":{"line":92,"column":null}},"type":"if","locations":[{"start":{"line":83,"column":2},"end":{"line":92,"column":null}},{"start":{},"end":{}}],"line":83},"2":{"loc":{"start":{"line":97,"column":4},"end":{"line":106,"column":null}},"type":"if","locations":[{"start":{"line":97,"column":4},"end":{"line":106,"column":null}},{"start":{},"end":{}}],"line":97},"3":{"loc":{"start":{"line":113,"column":4},"end":{"line":122,"column":null}},"type":"if","locations":[{"start":{"line":113,"column":4},"end":{"line":122,"column":null}},{"start":{},"end":{}}],"line":113},"4":{"loc":{"start":{"line":125,"column":4},"end":{"line":135,"column":null}},"type":"if","locations":[{"start":{"line":125,"column":4},"end":{"line":135,"column":null}},{"start":{},"end":{}}],"line":125},"5":{"loc":{"start":{"line":138,"column":4},"end":{"line":174,"column":null}},"type":"switch","locations":[{"start":{"line":139,"column":6},"end":{"line":140,"column":null}},{"start":{"line":142,"column":6},"end":{"line":151,"column":null}},{"start":{"line":153,"column":6},"end":{"line":153,"column":null}},{"start":{"line":154,"column":6},"end":{"line":163,"column":null}},{"start":{"line":165,"column":6},"end":{"line":173,"column":null}}],"line":138},"6":{"loc":{"start":{"line":177,"column":4},"end":{"line":179,"column":null}},"type":"if","locations":[{"start":{"line":177,"column":4},"end":{"line":179,"column":null}},{"start":{},"end":{}}],"line":177},"7":{"loc":{"start":{"line":177,"column":8},"end":{"line":177,"column":69}},"type":"binary-expr","locations":[{"start":{"line":177,"column":8},"end":{"line":177,"column":17}},{"start":{"line":177,"column":17},"end":{"line":177,"column":46}},{"start":{"line":177,"column":46},"end":{"line":177,"column":69}}],"line":177},"8":{"loc":{"start":{"line":220,"column":2},"end":{"line":229,"column":null}},"type":"if","locations":[{"start":{"line":220,"column":2},"end":{"line":229,"column":null}},{"start":{},"end":{}}],"line":220},"9":{"loc":{"start":{"line":232,"column":2},"end":{"line":242,"column":null}},"type":"if","locations":[{"start":{"line":232,"column":2},"end":{"line":242,"column":null}},{"start":{},"end":{}}],"line":232},"10":{"loc":{"start":{"line":248,"column":2},"end":{"line":260,"column":null}},"type":"if","locations":[{"start":{"line":248,"column":2},"end":{"line":260,"column":null}},{"start":{},"end":{}}],"line":248},"11":{"loc":{"start":{"line":370,"column":27},"end":{"line":370,"column":null}},"type":"binary-expr","locations":[{"start":{"line":370,"column":27},"end":{"line":370,"column":76}},{"start":{"line":370,"column":76},"end":{"line":370,"column":null}}],"line":370}},"s":{"0":0,"1":0,"2":0,"3":0,"4":0,"5":0,"6":0,"7":0,"8":0,"9":0,"10":0,"11":0,"12":0,"13":0,"14":0,"15":0,"16":0,"17":0,"18":0,"19":0,"20":0,"21":0,"22":0,"23":0,"24":0,"25":0,"26":0,"27":0,"28":0,"29":0,"30":0,"31":0,"32":0,"33":0,"34":0,"35":0,"36":0,"37":0,"38":0,"39":0,"40":0,"41":0,"42":0,"43":0,"44":0,"45":0,"46":0,"47":0,"48":0,"49":0,"50":0,"51":0,"52":0,"53":0,"54":0,"55":0,"56":0,"57":0,"58":0,"59":0,"60":0,"61":0,"62":0,"63":0,"64":0,"65":0,"66":0,"67":0,"68":0,"69":0,"70":0,"71":0,"72":0,"73":0,"74":0,"75":0,"76":0,"77":0,"78":0},"f":{"0":0,"1":0,"2":0,"3":0,"4":0,"5":0,"6":0,"7":0,"8":0,"9":0,"10":0,"11":0},"b":{"0":[0,0],"1":[0,0],"2":[0,0],"3":[0,0],"4":[0,0],"5":[0,0,0,0,0],"6":[0,0],"7":[0,0,0],"8":[0,0],"9":[0,0],"10":[0,0],"11":[0,0]},"meta":{"lastBranch":12,"lastFunction":12,"lastStatement":79,"seen":{"f:68:34:68:41":0,"s:69:15:69:Infinity":0,"b:71:2:80:Infinity:undefined:undefined:undefined:undefined":0,"s:71:2:80:Infinity":1,"s:72:4:79:Infinity":2,"b:83:2:92:Infinity:undefined:undefined:undefined:undefined":1,"s:83:2:92:Infinity":3,"s:84:4:91:Infinity":4,"s:94:2:190:Infinity":5,"s:95:23:95:Infinity":6,"b:97:4:106:Infinity:undefined:undefined:undefined:undefined":2,"s:97:4:106:Infinity":7,"s:98:6:105:Infinity":8,"s:109:21:111:Infinity":9,"b:113:4:122:Infinity:undefined:undefined:undefined:undefined":3,"s:113:4:122:Infinity":10,"s:114:6:121:Infinity":11,"b:125:4:135:Infinity:undefined:undefined:undefined:undefined":4,"s:125:4:135:Infinity":12,"s:126:6:134:Infinity":13,"b:139:6:140:Infinity:142:6:151:Infinity:153:6:153:Infinity:154:6:163:Infinity:165:6:173:Infinity":5,"s:138:4:174:Infinity":14,"s:140:8:140:Infinity":15,"s:144:8:151:Infinity":16,"s:156:8:163:Infinity":17,"s:166:8:173:Infinity":18,"b:177:4:179:Infinity:undefined:undefined:undefined:undefined":6,"s:177:4:179:Infinity":19,"b:177:8:177:17:177:17:177:46:177:46:177:69":7,"s:178:6:178:Infinity":20,"s:181:4:181:Infinity":21,"s:182:4:189:Infinity":22,"f:196:15:196:Infinity":1,"s:202:17:218:Infinity":23,"b:220:2:229:Infinity:undefined:undefined:undefined:undefined":8,"s:220:2:229:Infinity":24,"s:221:4:228:Infinity":25,"b:232:2:242:Infinity:undefined:undefined:undefined:undefined":9,"s:232:2:242:Infinity":26,"s:233:4:241:Infinity":27,"s:245:28:247:Infinity":28,"f:246:4:246:5":2,"s:246:40:246:Infinity":29,"b:248:2:260:Infinity:undefined:undefined:undefined:undefined":10,"s:248:2:260:Infinity":30,"s:249:4:259:Infinity":31,"f:256:10:256:11":3,"s:256:46:256:Infinity":32,"s:262:14:262:Infinity":33,"s:263:22:265:Infinity":34,"f:264:4:264:5":4,"s:264:40:264:Infinity":35,"s:268:27:290:Infinity":36,"s:293:29:298:Infinity":37,"s:301:36:301:Infinity":38,"s:302:2:343:Infinity":39,"s:303:25:303:Infinity":40,"s:304:21:304:Infinity":41,"s:305:24:305:Infinity":42,"s:306:25:306:Infinity":43,"s:307:19:307:Infinity":44,"s:308:25:308:Infinity":45,"s:309:24:309:Infinity":46,"s:310:24:310:Infinity":47,"s:311:20:311:Infinity":48,"s:312:26:312:Infinity":49,"s:316:6:324:Infinity":50,"s:327:21:327:Infinity":51,"s:329:4:342:Infinity":52,"s:346:30:346:Infinity":53,"s:348:2:382:Infinity":54,"s:349:26:351:Infinity":55,"f:350:6:350:7":5,"s:350:41:350:Infinity":56,"s:353:35:365:Infinity":57,"f:353:53:353:54":6,"s:354:23:354:Infinity":58,"s:355:18:355:Infinity":59,"s:356:6:364:Infinity":60,"s:367:23:367:Infinity":61,"f:367:36:367:37":7,"s:367:51:367:69":62,"s:370:27:370:Infinity":63,"b:370:27:370:76:370:76:370:Infinity":11,"s:372:4:381:Infinity":64,"s:385:17:450:Infinity":65,"f:385:43:385:50":8,"s:387:28:394:Infinity":66,"s:397:67:397:Infinity":67,"s:399:4:416:Infinity":68,"s:400:6:415:Infinity":69,"s:419:4:419:Infinity":70,"s:422:26:447:Infinity":71,"s:449:4:449:Infinity":72,"s:453:28:459:Infinity":73,"f:453:73:453:74":9,"s:453:88:459:4":74,"s:461:28:461:Infinity":75,"f:461:53:461:54":10,"s:461:67:461:91":76,"s:463:2:491:Infinity":77,"f:475:8:475:9":11,"s:475:45:482:Infinity":78}}}
,"D:\\WebDev\\AKG_Websites\\stock-management-system\\server\\api\\approvals\\[id]\\reject.patch.ts": {"path":"D:\\WebDev\\AKG_Websites\\stock-management-system\\server\\api\\approvals\\[id]\\reject.patch.ts","statementMap":{"0":{"start":{"line":26,"column":21},"end":{"line":28,"column":null}},"1":{"start":{"line":31,"column":15},"end":{"line":31,"column":null}},"2":{"start":{"line":33,"column":2},"end":{"line":42,"column":null}},"3":{"start":{"line":34,"column":4},"end":{"line":41,"column":null}},"4":{"start":{"line":45,"column":2},"end":{"line":54,"column":null}},"5":{"start":{"line":46,"column":4},"end":{"line":53,"column":null}},"6":{"start":{"line":56,"column":2},"end":{"line":177,"column":null}},"7":{"start":{"line":57,"column":23},"end":{"line":57,"column":null}},"8":{"start":{"line":59,"column":4},"end":{"line":68,"column":null}},"9":{"start":{"line":60,"column":6},"end":{"line":67,"column":null}},"10":{"start":{"line":71,"column":17},"end":{"line":71,"column":null}},"11":{"start":{"line":72,"column":17},"end":{"line":72,"column":null}},"12":{"start":{"line":75,"column":21},"end":{"line":77,"column":null}},"13":{"start":{"line":79,"column":4},"end":{"line":88,"column":null}},"14":{"start":{"line":80,"column":6},"end":{"line":87,"column":null}},"15":{"start":{"line":91,"column":4},"end":{"line":101,"column":null}},"16":{"start":{"line":92,"column":6},"end":{"line":100,"column":null}},"17":{"start":{"line":103,"column":16},"end":{"line":103,"column":null}},"18":{"start":{"line":106,"column":4},"end":{"line":148,"column":null}},"19":{"start":{"line":108,"column":8},"end":{"line":114,"column":null}},"20":{"start":{"line":118,"column":8},"end":{"line":125,"column":null}},"21":{"start":{"line":130,"column":8},"end":{"line":137,"column":null}},"22":{"start":{"line":140,"column":8},"end":{"line":147,"column":null}},"23":{"start":{"line":151,"column":4},"end":{"line":161,"column":null}},"24":{"start":{"line":152,"column":6},"end":{"line":160,"column":null}},"25":{"start":{"line":164,"column":4},"end":{"line":166,"column":null}},"26":{"start":{"line":165,"column":6},"end":{"line":165,"column":null}},"27":{"start":{"line":168,"column":4},"end":{"line":168,"column":null}},"28":{"start":{"line":169,"column":4},"end":{"line":176,"column":null}},"29":{"start":{"line":191,"column":17},"end":{"line":232,"column":null}},"30":{"start":{"line":193,"column":28},"end":{"line":201,"column":null}},"31":{"start":{"line":204,"column":26},"end":{"line":229,"column":null}},"32":{"start":{"line":231,"column":4},"end":{"line":231,"column":null}},"33":{"start":{"line":234,"column":2},"end":{"line":255,"column":null}},"34":{"start":{"line":246,"column":45},"end":{"line":251,"column":null}}},"fnMap":{"0":{"name":"(anonymous_0)","decl":{"start":{"line":30,"column":34},"end":{"line":30,"column":41}},"loc":{"start":{"line":30,"column":51},"end":{"line":178,"column":1}},"line":30},"1":{"name":"handlePeriodCloseRejection","decl":{"start":{"line":183,"column":15},"end":{"line":183,"column":null}},"loc":{"start":{"line":189,"column":2},"end":{"line":256,"column":null}},"line":189},"2":{"name":"(anonymous_2)","decl":{"start":{"line":191,"column":43},"end":{"line":191,"column":50}},"loc":{"start":{"line":191,"column":83},"end":{"line":232,"column":3}},"line":191},"3":{"name":"(anonymous_3)","decl":{"start":{"line":246,"column":8},"end":{"line":246,"column":9}},"loc":{"start":{"line":246,"column":45},"end":{"line":251,"column":null}},"line":246}},"branchMap":{"0":{"loc":{"start":{"line":33,"column":2},"end":{"line":42,"column":null}},"type":"if","locations":[{"start":{"line":33,"column":2},"end":{"line":42,"column":null}},{"start":{},"end":{}}],"line":33},"1":{"loc":{"start":{"line":45,"column":2},"end":{"line":54,"column":null}},"type":"if","locations":[{"start":{"line":45,"column":2},"end":{"line":54,"column":null}},{"start":{},"end":{}}],"line":45},"2":{"loc":{"start":{"line":59,"column":4},"end":{"line":68,"column":null}},"type":"if","locations":[{"start":{"line":59,"column":4},"end":{"line":68,"column":null}},{"start":{},"end":{}}],"line":59},"3":{"loc":{"start":{"line":72,"column":36},"end":{"line":72,"column":46}},"type":"binary-expr","locations":[{"start":{"line":72,"column":36},"end":{"line":72,"column":44}},{"start":{"line":72,"column":44},"end":{"line":72,"column":46}}],"line":72},"4":{"loc":{"start":{"line":79,"column":4},"end":{"line":88,"column":null}},"type":"if","locations":[{"start":{"line":79,"column":4},"end":{"line":88,"column":null}},{"start":{},"end":{}}],"line":79},"5":{"loc":{"start":{"line":91,"column":4},"end":{"line":101,"column":null}},"type":"if","locations":[{"start":{"line":91,"column":4},"end":{"line":101,"column":null}},{"start":{},"end":{}}],"line":91},"6":{"loc":{"start":{"line":106,"column":4},"end":{"line":148,"column":null}},"type":"switch","locations":[{"start":{"line":107,"column":6},"end":{"line":114,"column":null}},{"start":{"line":116,"column":6},"end":{"line":125,"column":null}},{"start":{"line":127,"column":6},"end":{"line":127,"column":null}},{"start":{"line":128,"column":6},"end":{"line":137,"column":null}},{"start":{"line":139,"column":6},"end":{"line":147,"column":null}}],"line":106},"7":{"loc":{"start":{"line":112,"column":10},"end":{"line":112,"column":null}},"type":"binary-expr","locations":[{"start":{"line":112,"column":10},"end":{"line":112,"column":27}},{"start":{"line":112,"column":27},"end":{"line":112,"column":null}}],"line":112},"8":{"loc":{"start":{"line":151,"column":4},"end":{"line":161,"column":null}},"type":"if","locations":[{"start":{"line":151,"column":4},"end":{"line":161,"column":null}},{"start":{},"end":{}}],"line":151},"9":{"loc":{"start":{"line":164,"column":4},"end":{"line":166,"column":null}},"type":"if","locations":[{"start":{"line":164,"column":4},"end":{"line":166,"column":null}},{"start":{},"end":{}}],"line":164},"10":{"loc":{"start":{"line":164,"column":8},"end":{"line":164,"column":69}},"type":"binary-expr","locations":[{"start":{"line":164,"column":8},"end":{"line":164,"column":17}},{"start":{"line":164,"column":17},"end":{"line":164,"column":46}},{"start":{"line":164,"column":46},"end":{"line":164,"column":69}}],"line":164}},"s":{"0":0,"1":0,"2":0,"3":0,"4":0,"5":0,"6":0,"7":0,"8":0,"9":0,"10":0,"11":0,"12":0,"13":0,"14":0,"15":0,"16":0,"17":0,"18":0,"19":0,"20":0,"21":0,"22":0,"23":0,"24":0,"25":0,"26":0,"27":0,"28":0,"29":0,"30":0,"31":0,"32":0,"33":0,"34":0},"f":{"0":0,"1":0,"2":0,"3":0},"b":{"0":[0,0],"1":[0,0],"2":[0,0],"3":[0,0],"4":[0,0],"5":[0,0],"6":[0,0,0,0,0],"7":[0,0],"8":[0,0],"9":[0,0],"10":[0,0,0]},"meta":{"lastBranch":11,"lastFunction":4,"lastStatement":35,"seen":{"s:26:21:28:Infinity":0,"f:30:34:30:41":0,"s:31:15:31:Infinity":1,"b:33:2:42:Infinity:undefined:undefined:undefined:undefined":0,"s:33:2:42:Infinity":2,"s:34:4:41:Infinity":3,"b:45:2:54:Infinity:undefined:undefined:undefined:undefined":1,"s:45:2:54:Infinity":4,"s:46:4:53:Infinity":5,"s:56:2:177:Infinity":6,"s:57:23:57:Infinity":7,"b:59:4:68:Infinity:undefined:undefined:undefined:undefined":2,"s:59:4:68:Infinity":8,"s:60:6:67:Infinity":9,"s:71:17:71:Infinity":10,"s:72:17:72:Infinity":11,"b:72:36:72:44:72:44:72:46":3,"s:75:21:77:Infinity":12,"b:79:4:88:Infinity:undefined:undefined:undefined:undefined":4,"s:79:4:88:Infinity":13,"s:80:6:87:Infinity":14,"b:91:4:101:Infinity:undefined:undefined:undefined:undefined":5,"s:91:4:101:Infinity":15,"s:92:6:100:Infinity":16,"s:103:16:103:Infinity":17,"b:107:6:114:Infinity:116:6:125:Infinity:127:6:127:Infinity:128:6:137:Infinity:139:6:147:Infinity":6,"s:106:4:148:Infinity":18,"s:108:8:114:Infinity":19,"b:112:10:112:27:112:27:112:Infinity":7,"s:118:8:125:Infinity":20,"s:130:8:137:Infinity":21,"s:140:8:147:Infinity":22,"b:151:4:161:Infinity:undefined:undefined:undefined:undefined":8,"s:151:4:161:Infinity":23,"s:152:6:160:Infinity":24,"b:164:4:166:Infinity:undefined:undefined:undefined:undefined":9,"s:164:4:166:Infinity":25,"b:164:8:164:17:164:17:164:46:164:46:164:69":10,"s:165:6:165:Infinity":26,"s:168:4:168:Infinity":27,"s:169:4:176:Infinity":28,"f:183:15:183:Infinity":1,"s:191:17:232:Infinity":29,"f:191:43:191:50":2,"s:193:28:201:Infinity":30,"s:204:26:229:Infinity":31,"s:231:4:231:Infinity":32,"s:234:2:255:Infinity":33,"f:246:8:246:9":3,"s:246:45:251:Infinity":34}}}
,"D:\\WebDev\\AKG_Websites\\stock-management-system\\server\\api\\auth\\login.post.ts": {"path":"D:\\WebDev\\AKG_Websites\\stock-management-system\\server\\api\\auth\\login.post.ts","statementMap":{"0":{"start":{"line":12,"column":15},"end":{"line":12,"column":null}},"1":{"start":{"line":15,"column":20},"end":{"line":21,"column":null}},"2":{"start":{"line":19,"column":24},"end":{"line":19,"column":48}},"3":{"start":{"line":24,"column":2},"end":{"line":147,"column":null}},"4":{"start":{"line":26,"column":17},"end":{"line":26,"column":null}},"5":{"start":{"line":27,"column":32},"end":{"line":27,"column":null}},"6":{"start":{"line":30,"column":17},"end":{"line":51,"column":null}},"7":{"start":{"line":54,"column":4},"end":{"line":63,"column":null}},"8":{"start":{"line":55,"column":6},"end":{"line":62,"column":null}},"9":{"start":{"line":66,"column":28},"end":{"line":69,"column":null}},"10":{"start":{"line":71,"column":4},"end":{"line":80,"column":null}},"11":{"start":{"line":72,"column":6},"end":{"line":79,"column":null}},"12":{"start":{"line":83,"column":4},"end":{"line":86,"column":null}},"13":{"start":{"line":89,"column":24},"end":{"line":101,"column":null}},"14":{"start":{"line":97,"column":50},"end":{"line":100,"column":8}},"15":{"start":{"line":104,"column":4},"end":{"line":107,"column":null}},"16":{"start":{"line":110,"column":4},"end":{"line":114,"column":null}},"17":{"start":{"line":117,"column":4},"end":{"line":130,"column":null}},"18":{"start":{"line":118,"column":6},"end":{"line":129,"column":null}},"19":{"start":{"line":124,"column":47},"end":{"line":127,"column":12}},"20":{"start":{"line":133,"column":4},"end":{"line":135,"column":null}},"21":{"start":{"line":134,"column":6},"end":{"line":134,"column":null}},"22":{"start":{"line":138,"column":4},"end":{"line":138,"column":null}},"23":{"start":{"line":139,"column":4},"end":{"line":146,"column":null}}},"fnMap":{"0":{"name":"(anonymous_0)","decl":{"start":{"line":19,"column":15},"end":{"line":19,"column":16}},"loc":{"start":{"line":19,"column":24},"end":{"line":19,"column":48}},"line":19},"1":{"name":"(anonymous_1)","decl":{"start":{"line":23,"column":34},"end":{"line":23,"column":41}},"loc":{"start":{"line":23,"column":51},"end":{"line":148,"column":1}},"line":23},"2":{"name":"(anonymous_2)","decl":{"start":{"line":97,"column":41},"end":{"line":97,"column":42}},"loc":{"start":{"line":97,"column":50},"end":{"line":100,"column":8}},"line":97},"3":{"name":"(anonymous_3)","decl":{"start":{"line":124,"column":35},"end":{"line":124,"column":36}},"loc":{"start":{"line":124,"column":47},"end":{"line":127,"column":12}},"line":124}},"branchMap":{"0":{"loc":{"start":{"line":54,"column":4},"end":{"line":63,"column":null}},"type":"if","locations":[{"start":{"line":54,"column":4},"end":{"line":63,"column":null}},{"start":{},"end":{}}],"line":54},"1":{"loc":{"start":{"line":71,"column":4},"end":{"line":80,"column":null}},"type":"if","locations":[{"start":{"line":71,"column":4},"end":{"line":80,"column":null}},{"start":{},"end":{}}],"line":71},"2":{"loc":{"start":{"line":117,"column":4},"end":{"line":130,"column":null}},"type":"if","locations":[{"start":{"line":117,"column":4},"end":{"line":130,"column":null}},{"start":{},"end":{}}],"line":117},"3":{"loc":{"start":{"line":133,"column":4},"end":{"line":135,"column":null}},"type":"if","locations":[{"start":{"line":133,"column":4},"end":{"line":135,"column":null}},{"start":{},"end":{}}],"line":133},"4":{"loc":{"start":{"line":133,"column":8},"end":{"line":133,"column":69}},"type":"binary-expr","locations":[{"start":{"line":133,"column":8},"end":{"line":133,"column":17}},{"start":{"line":133,"column":17},"end":{"line":133,"column":46}},{"start":{"line":133,"column":46},"end":{"line":133,"column":69}}],"line":133}},"s":{"0":0,"1":0,"2":0,"3":0,"4":0,"5":0,"6":0,"7":0,"8":0,"9":0,"10":0,"11":0,"12":0,"13":0,"14":0,"15":0,"16":0,"17":0,"18":0,"19":0,"20":0,"21":0,"22":0,"23":0},"f":{"0":0,"1":0,"2":0,"3":0},"b":{"0":[0,0],"1":[0,0],"2":[0,0],"3":[0,0],"4":[0,0,0]},"meta":{"lastBranch":5,"lastFunction":4,"lastStatement":24,"seen":{"s:12:15:12:Infinity":0,"s:15:20:21:Infinity":1,"f:19:15:19:16":0,"s:19:24:19:48":2,"f:23:34:23:41":1,"s:24:2:147:Infinity":3,"s:26:17:26:Infinity":4,"s:27:32:27:Infinity":5,"s:30:17:51:Infinity":6,"b:54:4:63:Infinity:undefined:undefined:undefined:undefined":0,"s:54:4:63:Infinity":7,"s:55:6:62:Infinity":8,"s:66:28:69:Infinity":9,"b:71:4:80:Infinity:undefined:undefined:undefined:undefined":1,"s:71:4:80:Infinity":10,"s:72:6:79:Infinity":11,"s:83:4:86:Infinity":12,"s:89:24:101:Infinity":13,"f:97:41:97:42":2,"s:97:50:100:8":14,"s:104:4:107:Infinity":15,"s:110:4:114:Infinity":16,"b:117:4:130:Infinity:undefined:undefined:undefined:undefined":2,"s:117:4:130:Infinity":17,"s:118:6:129:Infinity":18,"f:124:35:124:36":3,"s:124:47:127:12":19,"b:133:4:135:Infinity:undefined:undefined:undefined:undefined":3,"s:133:4:135:Infinity":20,"b:133:8:133:17:133:17:133:46:133:46:133:69":4,"s:134:6:134:Infinity":21,"s:138:4:138:Infinity":22,"s:139:4:146:Infinity":23}}}
,"D:\\WebDev\\AKG_Websites\\stock-management-system\\server\\api\\auth\\logout.post.ts": {"path":"D:\\WebDev\\AKG_Websites\\stock-management-system\\server\\api\\auth\\logout.post.ts","statementMap":{"0":{"start":{"line":9,"column":2},"end":{"line":29,"column":null}},"1":{"start":{"line":11,"column":4},"end":{"line":11,"column":null}},"2":{"start":{"line":14,"column":4},"end":{"line":17,"column":null}},"3":{"start":{"line":20,"column":4},"end":{"line":20,"column":null}},"4":{"start":{"line":21,"column":4},"end":{"line":28,"column":null}}},"fnMap":{"0":{"name":"(anonymous_0)","decl":{"start":{"line":8,"column":34},"end":{"line":8,"column":41}},"loc":{"start":{"line":8,"column":51},"end":{"line":30,"column":1}},"line":8}},"branchMap":{},"s":{"0":0,"1":0,"2":0,"3":0,"4":0},"f":{"0":0},"b":{},"meta":{"lastBranch":0,"lastFunction":1,"lastStatement":5,"seen":{"f:8:34:8:41":0,"s:9:2:29:Infinity":0,"s:11:4:11:Infinity":1,"s:14:4:17:Infinity":2,"s:20:4:20:Infinity":3,"s:21:4:28:Infinity":4}}}
,"D:\\WebDev\\AKG_Websites\\stock-management-system\\server\\api\\auth\\register.post.ts": {"path":"D:\\WebDev\\AKG_Websites\\stock-management-system\\server\\api\\auth\\register.post.ts","statementMap":{"0":{"start":{"line":13,"column":15},"end":{"line":13,"column":null}},"1":{"start":{"line":25,"column":23},"end":{"line":53,"column":null}},"2":{"start":{"line":34,"column":24},"end":{"line":34,"column":48}},"3":{"start":{"line":38,"column":24},"end":{"line":38,"column":48}},"4":{"start":{"line":50,"column":24},"end":{"line":50,"column":34}},"5":{"start":{"line":56,"column":2},"end":{"line":205,"column":null}},"6":{"start":{"line":58,"column":20},"end":{"line":58,"column":null}},"7":{"start":{"line":60,"column":4},"end":{"line":69,"column":null}},"8":{"start":{"line":61,"column":6},"end":{"line":68,"column":null}},"9":{"start":{"line":71,"column":17},"end":{"line":71,"column":null}},"10":{"start":{"line":73,"column":4},"end":{"line":82,"column":null}},"11":{"start":{"line":74,"column":6},"end":{"line":81,"column":null}},"12":{"start":{"line":85,"column":17},"end":{"line":85,"column":null}},"13":{"start":{"line":86,"column":26},"end":{"line":86,"column":null}},"14":{"start":{"line":89,"column":29},"end":{"line":91,"column":null}},"15":{"start":{"line":93,"column":4},"end":{"line":102,"column":null}},"16":{"start":{"line":94,"column":6},"end":{"line":101,"column":null}},"17":{"start":{"line":105,"column":26},"end":{"line":107,"column":null}},"18":{"start":{"line":109,"column":4},"end":{"line":118,"column":null}},"19":{"start":{"line":110,"column":6},"end":{"line":117,"column":null}},"20":{"start":{"line":121,"column":4},"end":{"line":139,"column":null}},"21":{"start":{"line":122,"column":29},"end":{"line":127,"column":null}},"22":{"start":{"line":129,"column":6},"end":{"line":138,"column":null}},"23":{"start":{"line":130,"column":8},"end":{"line":137,"column":null}},"24":{"start":{"line":142,"column":26},"end":{"line":142,"column":null}},"25":{"start":{"line":145,"column":20},"end":{"line":165,"column":null}},"26":{"start":{"line":168,"column":4},"end":{"line":172,"column":null}},"27":{"start":{"line":175,"column":4},"end":{"line":188,"column":null}},"28":{"start":{"line":176,"column":6},"end":{"line":187,"column":null}},"29":{"start":{"line":182,"column":47},"end":{"line":185,"column":12}},"30":{"start":{"line":191,"column":4},"end":{"line":193,"column":null}},"31":{"start":{"line":192,"column":6},"end":{"line":192,"column":null}},"32":{"start":{"line":196,"column":4},"end":{"line":196,"column":null}},"33":{"start":{"line":197,"column":4},"end":{"line":204,"column":null}}},"fnMap":{"0":{"name":"(anonymous_0)","decl":{"start":{"line":34,"column":15},"end":{"line":34,"column":16}},"loc":{"start":{"line":34,"column":24},"end":{"line":34,"column":48}},"line":34},"1":{"name":"(anonymous_1)","decl":{"start":{"line":38,"column":15},"end":{"line":38,"column":16}},"loc":{"start":{"line":38,"column":24},"end":{"line":38,"column":48}},"line":38},"2":{"name":"(anonymous_2)","decl":{"start":{"line":50,"column":15},"end":{"line":50,"column":16}},"loc":{"start":{"line":50,"column":24},"end":{"line":50,"column":34}},"line":50},"3":{"name":"(anonymous_3)","decl":{"start":{"line":55,"column":34},"end":{"line":55,"column":41}},"loc":{"start":{"line":55,"column":51},"end":{"line":206,"column":1}},"line":55},"4":{"name":"(anonymous_4)","decl":{"start":{"line":182,"column":35},"end":{"line":182,"column":36}},"loc":{"start":{"line":182,"column":47},"end":{"line":185,"column":12}},"line":182}},"branchMap":{"0":{"loc":{"start":{"line":60,"column":4},"end":{"line":69,"column":null}},"type":"if","locations":[{"start":{"line":60,"column":4},"end":{"line":69,"column":null}},{"start":{},"end":{}}],"line":60},"1":{"loc":{"start":{"line":73,"column":4},"end":{"line":82,"column":null}},"type":"if","locations":[{"start":{"line":73,"column":4},"end":{"line":82,"column":null}},{"start":{},"end":{}}],"line":73},"2":{"loc":{"start":{"line":93,"column":4},"end":{"line":102,"column":null}},"type":"if","locations":[{"start":{"line":93,"column":4},"end":{"line":102,"column":null}},{"start":{},"end":{}}],"line":93},"3":{"loc":{"start":{"line":109,"column":4},"end":{"line":118,"column":null}},"type":"if","locations":[{"start":{"line":109,"column":4},"end":{"line":118,"column":null}},{"start":{},"end":{}}],"line":109},"4":{"loc":{"start":{"line":121,"column":4},"end":{"line":139,"column":null}},"type":"if","locations":[{"start":{"line":121,"column":4},"end":{"line":139,"column":null}},{"start":{},"end":{}}],"line":121},"5":{"loc":{"start":{"line":129,"column":6},"end":{"line":138,"column":null}},"type":"if","locations":[{"start":{"line":129,"column":6},"end":{"line":138,"column":null}},{"start":{},"end":{}}],"line":129},"6":{"loc":{"start":{"line":152,"column":29},"end":{"line":152,"column":null}},"type":"binary-expr","locations":[{"start":{"line":152,"column":29},"end":{"line":152,"column":66}},{"start":{"line":152,"column":66},"end":{"line":152,"column":null}}],"line":152},"7":{"loc":{"start":{"line":175,"column":4},"end":{"line":188,"column":null}},"type":"if","locations":[{"start":{"line":175,"column":4},"end":{"line":188,"column":null}},{"start":{},"end":{}}],"line":175},"8":{"loc":{"start":{"line":191,"column":4},"end":{"line":193,"column":null}},"type":"if","locations":[{"start":{"line":191,"column":4},"end":{"line":193,"column":null}},{"start":{},"end":{}}],"line":191},"9":{"loc":{"start":{"line":191,"column":8},"end":{"line":191,"column":69}},"type":"binary-expr","locations":[{"start":{"line":191,"column":8},"end":{"line":191,"column":17}},{"start":{"line":191,"column":17},"end":{"line":191,"column":46}},{"start":{"line":191,"column":46},"end":{"line":191,"column":69}}],"line":191}},"s":{"0":0,"1":0,"2":0,"3":0,"4":0,"5":0,"6":0,"7":0,"8":0,"9":0,"10":0,"11":0,"12":0,"13":0,"14":0,"15":0,"16":0,"17":0,"18":0,"19":0,"20":0,"21":0,"22":0,"23":0,"24":0,"25":0,"26":0,"27":0,"28":0,"29":0,"30":0,"31":0,"32":0,"33":0},"f":{"0":0,"1":0,"2":0,"3":0,"4":0},"b":{"0":[0,0],"1":[0,0],"2":[0,0],"3":[0,0],"4":[0,0],"5":[0,0],"6":[0,0],"7":[0,0],"8":[0,0],"9":[0,0,0]},"meta":{"lastBranch":10,"lastFunction":5,"lastStatement":34,"seen":{"s:13:15:13:Infinity":0,"s:25:23:53:Infinity":1,"f:34:15:34:16":0,"s:34:24:34:48":2,"f:38:15:38:16":1,"s:38:24:38:48":3,"f:50:15:50:16":2,"s:50:24:50:34":4,"f:55:34:55:41":3,"s:56:2:205:Infinity":5,"s:58:20:58:Infinity":6,"b:60:4:69:Infinity:undefined:undefined:undefined:undefined":0,"s:60:4:69:Infinity":7,"s:61:6:68:Infinity":8,"s:71:17:71:Infinity":9,"b:73:4:82:Infinity:undefined:undefined:undefined:undefined":1,"s:73:4:82:Infinity":10,"s:74:6:81:Infinity":11,"s:85:17:85:Infinity":12,"s:86:26:86:Infinity":13,"s:89:29:91:Infinity":14,"b:93:4:102:Infinity:undefined:undefined:undefined:undefined":2,"s:93:4:102:Infinity":15,"s:94:6:101:Infinity":16,"s:105:26:107:Infinity":17,"b:109:4:118:Infinity:undefined:undefined:undefined:undefined":3,"s:109:4:118:Infinity":18,"s:110:6:117:Infinity":19,"b:121:4:139:Infinity:undefined:undefined:undefined:undefined":4,"s:121:4:139:Infinity":20,"s:122:29:127:Infinity":21,"b:129:6:138:Infinity:undefined:undefined:undefined:undefined":5,"s:129:6:138:Infinity":22,"s:130:8:137:Infinity":23,"s:142:26:142:Infinity":24,"s:145:20:165:Infinity":25,"b:152:29:152:66:152:66:152:Infinity":6,"s:168:4:172:Infinity":26,"b:175:4:188:Infinity:undefined:undefined:undefined:undefined":7,"s:175:4:188:Infinity":27,"s:176:6:187:Infinity":28,"f:182:35:182:36":4,"s:182:47:185:12":29,"b:191:4:193:Infinity:undefined:undefined:undefined:undefined":8,"s:191:4:193:Infinity":30,"b:191:8:191:17:191:17:191:46:191:46:191:69":9,"s:192:6:192:Infinity":31,"s:196:4:196:Infinity":32,"s:197:4:204:Infinity":33}}}
,"D:\\WebDev\\AKG_Websites\\stock-management-system\\server\\api\\auth\\session.get.ts": {"path":"D:\\WebDev\\AKG_Websites\\stock-management-system\\server\\api\\auth\\session.get.ts","statementMap":{"0":{"start":{"line":9,"column":2},"end":{"line":31,"column":null}},"1":{"start":{"line":11,"column":20},"end":{"line":11,"column":null}},"2":{"start":{"line":14,"column":4},"end":{"line":19,"column":null}},"3":{"start":{"line":22,"column":4},"end":{"line":22,"column":null}},"4":{"start":{"line":23,"column":4},"end":{"line":30,"column":null}}},"fnMap":{"0":{"name":"(anonymous_0)","decl":{"start":{"line":8,"column":34},"end":{"line":8,"column":41}},"loc":{"start":{"line":8,"column":51},"end":{"line":32,"column":1}},"line":8}},"branchMap":{"0":{"loc":{"start":{"line":17,"column":12},"end":{"line":17,"column":null}},"type":"binary-expr","locations":[{"start":{"line":17,"column":12},"end":{"line":17,"column":28}},{"start":{"line":17,"column":28},"end":{"line":17,"column":null}}],"line":17},"1":{"loc":{"start":{"line":18,"column":18},"end":{"line":18,"column":null}},"type":"binary-expr","locations":[{"start":{"line":18,"column":18},"end":{"line":18,"column":40}},{"start":{"line":18,"column":40},"end":{"line":18,"column":null}}],"line":18}},"s":{"0":0,"1":0,"2":0,"3":0,"4":0},"f":{"0":0},"b":{"0":[0,0],"1":[0,0]},"meta":{"lastBranch":2,"lastFunction":1,"lastStatement":5,"seen":{"f:8:34:8:41":0,"s:9:2:31:Infinity":0,"s:11:20:11:Infinity":1,"s:14:4:19:Infinity":2,"b:17:12:17:28:17:28:17:Infinity":0,"b:18:18:18:40:18:40:18:Infinity":1,"s:22:4:22:Infinity":3,"s:23:4:30:Infinity":4}}}
,"D:\\WebDev\\AKG_Websites\\stock-management-system\\server\\api\\deliveries\\[id].get.ts": {"path":"D:\\WebDev\\AKG_Websites\\stock-management-system\\server\\api\\deliveries\\[id].get.ts","statementMap":{"0":{"start":{"line":19,"column":15},"end":{"line":19,"column":null}},"1":{"start":{"line":21,"column":2},"end":{"line":30,"column":null}},"2":{"start":{"line":22,"column":4},"end":{"line":29,"column":null}},"3":{"start":{"line":32,"column":2},"end":{"line":241,"column":null}},"4":{"start":{"line":33,"column":23},"end":{"line":33,"column":null}},"5":{"start":{"line":35,"column":4},"end":{"line":44,"column":null}},"6":{"start":{"line":36,"column":6},"end":{"line":43,"column":null}},"7":{"start":{"line":47,"column":21},"end":{"line":134,"column":null}},"8":{"start":{"line":136,"column":4},"end":{"line":145,"column":null}},"9":{"start":{"line":137,"column":6},"end":{"line":144,"column":null}},"10":{"start":{"line":149,"column":4},"end":{"line":169,"column":null}},"11":{"start":{"line":150,"column":27},"end":{"line":157,"column":null}},"12":{"start":{"line":159,"column":6},"end":{"line":168,"column":null}},"13":{"start":{"line":160,"column":8},"end":{"line":167,"column":null}},"14":{"start":{"line":172,"column":4},"end":{"line":225,"column":null}},"15":{"start":{"line":187,"column":54},"end":{"line":204,"column":10}},"16":{"start":{"line":209,"column":27},"end":{"line":209,"column":null}},"17":{"start":{"line":214,"column":22},"end":{"line":214,"column":null}},"18":{"start":{"line":218,"column":14},"end":{"line":219,"column":null}},"19":{"start":{"line":228,"column":4},"end":{"line":230,"column":null}},"20":{"start":{"line":229,"column":6},"end":{"line":229,"column":null}},"21":{"start":{"line":232,"column":4},"end":{"line":232,"column":null}},"22":{"start":{"line":233,"column":4},"end":{"line":240,"column":null}}},"fnMap":{"0":{"name":"(anonymous_0)","decl":{"start":{"line":18,"column":34},"end":{"line":18,"column":41}},"loc":{"start":{"line":18,"column":51},"end":{"line":242,"column":1}},"line":18},"1":{"name":"(anonymous_1)","decl":{"start":{"line":187,"column":43},"end":{"line":187,"column":44}},"loc":{"start":{"line":187,"column":54},"end":{"line":204,"column":10}},"line":187},"2":{"name":"(anonymous_2)","decl":{"start":{"line":209,"column":12},"end":{"line":209,"column":13}},"loc":{"start":{"line":209,"column":27},"end":{"line":209,"column":null}},"line":209},"3":{"name":"(anonymous_3)","decl":{"start":{"line":214,"column":12},"end":{"line":214,"column":13}},"loc":{"start":{"line":214,"column":22},"end":{"line":214,"column":null}},"line":214},"4":{"name":"(anonymous_4)","decl":{"start":{"line":217,"column":12},"end":{"line":217,"column":13}},"loc":{"start":{"line":218,"column":14},"end":{"line":219,"column":null}},"line":218}},"branchMap":{"0":{"loc":{"start":{"line":21,"column":2},"end":{"line":30,"column":null}},"type":"if","locations":[{"start":{"line":21,"column":2},"end":{"line":30,"column":null}},{"start":{},"end":{}}],"line":21},"1":{"loc":{"start":{"line":35,"column":4},"end":{"line":44,"column":null}},"type":"if","locations":[{"start":{"line":35,"column":4},"end":{"line":44,"column":null}},{"start":{},"end":{}}],"line":35},"2":{"loc":{"start":{"line":136,"column":4},"end":{"line":145,"column":null}},"type":"if","locations":[{"start":{"line":136,"column":4},"end":{"line":145,"column":null}},{"start":{},"end":{}}],"line":136},"3":{"loc":{"start":{"line":149,"column":4},"end":{"line":169,"column":null}},"type":"if","locations":[{"start":{"line":149,"column":4},"end":{"line":169,"column":null}},{"start":{},"end":{}}],"line":149},"4":{"loc":{"start":{"line":149,"column":8},"end":{"line":149,"column":61}},"type":"binary-expr","locations":[{"start":{"line":149,"column":8},"end":{"line":149,"column":33}},{"start":{"line":149,"column":33},"end":{"line":149,"column":61}}],"line":149},"5":{"loc":{"start":{"line":159,"column":6},"end":{"line":168,"column":null}},"type":"if","locations":[{"start":{"line":159,"column":6},"end":{"line":168,"column":null}},{"start":{},"end":{}}],"line":159},"6":{"loc":{"start":{"line":197,"column":12},"end":{"line":203,"column":null}},"type":"cond-expr","locations":[{"start":{"line":197,"column":76},"end":{"line":202,"column":null}},{"start":{"line":203,"column":16},"end":{"line":203,"column":null}}],"line":197},"7":{"loc":{"start":{"line":197,"column":12},"end":{"line":197,"column":null}},"type":"binary-expr","locations":[{"start":{"line":197,"column":12},"end":{"line":197,"column":33}},{"start":{"line":197,"column":33},"end":{"line":197,"column":null}}],"line":197},"8":{"loc":{"start":{"line":228,"column":4},"end":{"line":230,"column":null}},"type":"if","locations":[{"start":{"line":228,"column":4},"end":{"line":230,"column":null}},{"start":{},"end":{}}],"line":228},"9":{"loc":{"start":{"line":228,"column":8},"end":{"line":228,"column":69}},"type":"binary-expr","locations":[{"start":{"line":228,"column":8},"end":{"line":228,"column":17}},{"start":{"line":228,"column":17},"end":{"line":228,"column":46}},{"start":{"line":228,"column":46},"end":{"line":228,"column":69}}],"line":228}},"s":{"0":0,"1":0,"2":0,"3":0,"4":0,"5":0,"6":0,"7":0,"8":0,"9":0,"10":0,"11":0,"12":0,"13":0,"14":0,"15":0,"16":0,"17":0,"18":0,"19":0,"20":0,"21":0,"22":0},"f":{"0":0,"1":0,"2":0,"3":0,"4":0},"b":{"0":[0,0],"1":[0,0],"2":[0,0],"3":[0,0],"4":[0,0],"5":[0,0],"6":[0,0],"7":[0,0],"8":[0,0],"9":[0,0,0]},"meta":{"lastBranch":10,"lastFunction":5,"lastStatement":23,"seen":{"f:18:34:18:41":0,"s:19:15:19:Infinity":0,"b:21:2:30:Infinity:undefined:undefined:undefined:undefined":0,"s:21:2:30:Infinity":1,"s:22:4:29:Infinity":2,"s:32:2:241:Infinity":3,"s:33:23:33:Infinity":4,"b:35:4:44:Infinity:undefined:undefined:undefined:undefined":1,"s:35:4:44:Infinity":5,"s:36:6:43:Infinity":6,"s:47:21:134:Infinity":7,"b:136:4:145:Infinity:undefined:undefined:undefined:undefined":2,"s:136:4:145:Infinity":8,"s:137:6:144:Infinity":9,"b:149:4:169:Infinity:undefined:undefined:undefined:undefined":3,"s:149:4:169:Infinity":10,"b:149:8:149:33:149:33:149:61":4,"s:150:27:157:Infinity":11,"b:159:6:168:Infinity:undefined:undefined:undefined:undefined":5,"s:159:6:168:Infinity":12,"s:160:8:167:Infinity":13,"s:172:4:225:Infinity":14,"f:187:43:187:44":1,"s:187:54:204:10":15,"b:197:76:202:Infinity:203:16:203:Infinity":6,"b:197:12:197:33:197:33:197:Infinity":7,"f:209:12:209:13":2,"s:209:27:209:Infinity":16,"f:214:12:214:13":3,"s:214:22:214:Infinity":17,"f:217:12:217:13":4,"s:218:14:219:Infinity":18,"b:228:4:230:Infinity:undefined:undefined:undefined:undefined":8,"s:228:4:230:Infinity":19,"b:228:8:228:17:228:17:228:46:228:46:228:69":9,"s:229:6:229:Infinity":20,"s:232:4:232:Infinity":21,"s:233:4:240:Infinity":22}}}
,"D:\\WebDev\\AKG_Websites\\stock-management-system\\server\\api\\issues\\[id].get.ts": {"path":"D:\\WebDev\\AKG_Websites\\stock-management-system\\server\\api\\issues\\[id].get.ts","statementMap":{"0":{"start":{"line":18,"column":15},"end":{"line":18,"column":null}},"1":{"start":{"line":20,"column":2},"end":{"line":29,"column":null}},"2":{"start":{"line":21,"column":4},"end":{"line":28,"column":null}},"3":{"start":{"line":31,"column":2},"end":{"line":175,"column":null}},"4":{"start":{"line":32,"column":20},"end":{"line":32,"column":null}},"5":{"start":{"line":34,"column":4},"end":{"line":43,"column":null}},"6":{"start":{"line":35,"column":6},"end":{"line":42,"column":null}},"7":{"start":{"line":46,"column":18},"end":{"line":94,"column":null}},"8":{"start":{"line":96,"column":4},"end":{"line":105,"column":null}},"9":{"start":{"line":97,"column":6},"end":{"line":104,"column":null}},"10":{"start":{"line":109,"column":4},"end":{"line":129,"column":null}},"11":{"start":{"line":110,"column":27},"end":{"line":117,"column":null}},"12":{"start":{"line":119,"column":6},"end":{"line":128,"column":null}},"13":{"start":{"line":120,"column":8},"end":{"line":127,"column":null}},"14":{"start":{"line":132,"column":4},"end":{"line":159,"column":null}},"15":{"start":{"line":143,"column":48},"end":{"line":149,"column":10}},"16":{"start":{"line":153,"column":27},"end":{"line":153,"column":null}},"17":{"start":{"line":162,"column":4},"end":{"line":164,"column":null}},"18":{"start":{"line":163,"column":6},"end":{"line":163,"column":null}},"19":{"start":{"line":166,"column":4},"end":{"line":166,"column":null}},"20":{"start":{"line":167,"column":4},"end":{"line":174,"column":null}}},"fnMap":{"0":{"name":"(anonymous_0)","decl":{"start":{"line":17,"column":34},"end":{"line":17,"column":41}},"loc":{"start":{"line":17,"column":51},"end":{"line":176,"column":1}},"line":17},"1":{"name":"(anonymous_1)","decl":{"start":{"line":143,"column":37},"end":{"line":143,"column":38}},"loc":{"start":{"line":143,"column":48},"end":{"line":149,"column":10}},"line":143},"2":{"name":"(anonymous_2)","decl":{"start":{"line":153,"column":12},"end":{"line":153,"column":13}},"loc":{"start":{"line":153,"column":27},"end":{"line":153,"column":null}},"line":153}},"branchMap":{"0":{"loc":{"start":{"line":20,"column":2},"end":{"line":29,"column":null}},"type":"if","locations":[{"start":{"line":20,"column":2},"end":{"line":29,"column":null}},{"start":{},"end":{}}],"line":20},"1":{"loc":{"start":{"line":34,"column":4},"end":{"line":43,"column":null}},"type":"if","locations":[{"start":{"line":34,"column":4},"end":{"line":43,"column":null}},{"start":{},"end":{}}],"line":34},"2":{"loc":{"start":{"line":96,"column":4},"end":{"line":105,"column":null}},"type":"if","locations":[{"start":{"line":96,"column":4},"end":{"line":105,"column":null}},{"start":{},"end":{}}],"line":96},"3":{"loc":{"start":{"line":109,"column":4},"end":{"line":129,"column":null}},"type":"if","locations":[{"start":{"line":109,"column":4},"end":{"line":129,"column":null}},{"start":{},"end":{}}],"line":109},"4":{"loc":{"start":{"line":109,"column":8},"end":{"line":109,"column":61}},"type":"binary-expr","locations":[{"start":{"line":109,"column":8},"end":{"line":109,"column":33}},{"start":{"line":109,"column":33},"end":{"line":109,"column":61}}],"line":109},"5":{"loc":{"start":{"line":119,"column":6},"end":{"line":128,"column":null}},"type":"if","locations":[{"start":{"line":119,"column":6},"end":{"line":128,"column":null}},{"start":{},"end":{}}],"line":119},"6":{"loc":{"start":{"line":162,"column":4},"end":{"line":164,"column":null}},"type":"if","locations":[{"start":{"line":162,"column":4},"end":{"line":164,"column":null}},{"start":{},"end":{}}],"line":162},"7":{"loc":{"start":{"line":162,"column":8},"end":{"line":162,"column":69}},"type":"binary-expr","locations":[{"start":{"line":162,"column":8},"end":{"line":162,"column":17}},{"start":{"line":162,"column":17},"end":{"line":162,"column":46}},{"start":{"line":162,"column":46},"end":{"line":162,"column":69}}],"line":162}},"s":{"0":0,"1":0,"2":0,"3":0,"4":0,"5":0,"6":0,"7":0,"8":0,"9":0,"10":0,"11":0,"12":0,"13":0,"14":0,"15":0,"16":0,"17":0,"18":0,"19":0,"20":0},"f":{"0":0,"1":0,"2":0},"b":{"0":[0,0],"1":[0,0],"2":[0,0],"3":[0,0],"4":[0,0],"5":[0,0],"6":[0,0],"7":[0,0,0]},"meta":{"lastBranch":8,"lastFunction":3,"lastStatement":21,"seen":{"f:17:34:17:41":0,"s:18:15:18:Infinity":0,"b:20:2:29:Infinity:undefined:undefined:undefined:undefined":0,"s:20:2:29:Infinity":1,"s:21:4:28:Infinity":2,"s:31:2:175:Infinity":3,"s:32:20:32:Infinity":4,"b:34:4:43:Infinity:undefined:undefined:undefined:undefined":1,"s:34:4:43:Infinity":5,"s:35:6:42:Infinity":6,"s:46:18:94:Infinity":7,"b:96:4:105:Infinity:undefined:undefined:undefined:undefined":2,"s:96:4:105:Infinity":8,"s:97:6:104:Infinity":9,"b:109:4:129:Infinity:undefined:undefined:undefined:undefined":3,"s:109:4:129:Infinity":10,"b:109:8:109:33:109:33:109:61":4,"s:110:27:117:Infinity":11,"b:119:6:128:Infinity:undefined:undefined:undefined:undefined":5,"s:119:6:128:Infinity":12,"s:120:8:127:Infinity":13,"s:132:4:159:Infinity":14,"f:143:37:143:38":1,"s:143:48:149:10":15,"f:153:12:153:13":2,"s:153:27:153:Infinity":16,"b:162:4:164:Infinity:undefined:undefined:undefined:undefined":6,"s:162:4:164:Infinity":17,"b:162:8:162:17:162:17:162:46:162:46:162:69":7,"s:163:6:163:Infinity":18,"s:166:4:166:Infinity":19,"s:167:4:174:Infinity":20}}}
,"D:\\WebDev\\AKG_Websites\\stock-management-system\\server\\api\\items\\[id].delete.ts": {"path":"D:\\WebDev\\AKG_Websites\\stock-management-system\\server\\api\\items\\[id].delete.ts","statementMap":{"0":{"start":{"line":16,"column":15},"end":{"line":16,"column":null}},"1":{"start":{"line":18,"column":2},"end":{"line":27,"column":null}},"2":{"start":{"line":19,"column":4},"end":{"line":26,"column":null}},"3":{"start":{"line":30,"column":2},"end":{"line":39,"column":null}},"4":{"start":{"line":31,"column":4},"end":{"line":38,"column":null}},"5":{"start":{"line":41,"column":2},"end":{"line":126,"column":null}},"6":{"start":{"line":42,"column":15},"end":{"line":42,"column":null}},"7":{"start":{"line":44,"column":4},"end":{"line":53,"column":null}},"8":{"start":{"line":45,"column":6},"end":{"line":52,"column":null}},"9":{"start":{"line":56,"column":25},"end":{"line":67,"column":null}},"10":{"start":{"line":69,"column":4},"end":{"line":78,"column":null}},"11":{"start":{"line":70,"column":6},"end":{"line":77,"column":null}},"12":{"start":{"line":82,"column":6},"end":{"line":84,"column":null}},"13":{"start":{"line":86,"column":4},"end":{"line":98,"column":null}},"14":{"start":{"line":88,"column":19},"end":{"line":91,"column":null}},"15":{"start":{"line":93,"column":6},"end":{"line":97,"column":null}},"16":{"start":{"line":101,"column":17},"end":{"line":104,"column":null}},"17":{"start":{"line":106,"column":4},"end":{"line":110,"column":null}},"18":{"start":{"line":113,"column":4},"end":{"line":115,"column":null}},"19":{"start":{"line":114,"column":6},"end":{"line":114,"column":null}},"20":{"start":{"line":117,"column":4},"end":{"line":117,"column":null}},"21":{"start":{"line":118,"column":4},"end":{"line":125,"column":null}}},"fnMap":{"0":{"name":"(anonymous_0)","decl":{"start":{"line":15,"column":34},"end":{"line":15,"column":41}},"loc":{"start":{"line":15,"column":51},"end":{"line":127,"column":1}},"line":15}},"branchMap":{"0":{"loc":{"start":{"line":18,"column":2},"end":{"line":27,"column":null}},"type":"if","locations":[{"start":{"line":18,"column":2},"end":{"line":27,"column":null}},{"start":{},"end":{}}],"line":18},"1":{"loc":{"start":{"line":30,"column":2},"end":{"line":39,"column":null}},"type":"if","locations":[{"start":{"line":30,"column":2},"end":{"line":39,"column":null}},{"start":{},"end":{}}],"line":30},"2":{"loc":{"start":{"line":44,"column":4},"end":{"line":53,"column":null}},"type":"if","locations":[{"start":{"line":44,"column":4},"end":{"line":53,"column":null}},{"start":{},"end":{}}],"line":44},"3":{"loc":{"start":{"line":69,"column":4},"end":{"line":78,"column":null}},"type":"if","locations":[{"start":{"line":69,"column":4},"end":{"line":78,"column":null}},{"start":{},"end":{}}],"line":69},"4":{"loc":{"start":{"line":82,"column":6},"end":{"line":84,"column":null}},"type":"binary-expr","locations":[{"start":{"line":82,"column":6},"end":{"line":82,"column":null}},{"start":{"line":83,"column":6},"end":{"line":83,"column":null}},{"start":{"line":84,"column":6},"end":{"line":84,"column":null}}],"line":82},"5":{"loc":{"start":{"line":86,"column":4},"end":{"line":98,"column":null}},"type":"if","locations":[{"start":{"line":86,"column":4},"end":{"line":98,"column":null}},{"start":{},"end":{}}],"line":86},"6":{"loc":{"start":{"line":113,"column":4},"end":{"line":115,"column":null}},"type":"if","locations":[{"start":{"line":113,"column":4},"end":{"line":115,"column":null}},{"start":{},"end":{}}],"line":113},"7":{"loc":{"start":{"line":113,"column":8},"end":{"line":113,"column":69}},"type":"binary-expr","locations":[{"start":{"line":113,"column":8},"end":{"line":113,"column":17}},{"start":{"line":113,"column":17},"end":{"line":113,"column":46}},{"start":{"line":113,"column":46},"end":{"line":113,"column":69}}],"line":113}},"s":{"0":0,"1":0,"2":0,"3":0,"4":0,"5":0,"6":0,"7":0,"8":0,"9":0,"10":0,"11":0,"12":0,"13":0,"14":0,"15":0,"16":0,"17":0,"18":0,"19":0,"20":0,"21":0},"f":{"0":0},"b":{"0":[0,0],"1":[0,0],"2":[0,0],"3":[0,0],"4":[0,0,0],"5":[0,0],"6":[0,0],"7":[0,0,0]},"meta":{"lastBranch":8,"lastFunction":1,"lastStatement":22,"seen":{"f:15:34:15:41":0,"s:16:15:16:Infinity":0,"b:18:2:27:Infinity:undefined:undefined:undefined:undefined":0,"s:18:2:27:Infinity":1,"s:19:4:26:Infinity":2,"b:30:2:39:Infinity:undefined:undefined:undefined:undefined":1,"s:30:2:39:Infinity":3,"s:31:4:38:Infinity":4,"s:41:2:126:Infinity":5,"s:42:15:42:Infinity":6,"b:44:4:53:Infinity:undefined:undefined:undefined:undefined":2,"s:44:4:53:Infinity":7,"s:45:6:52:Infinity":8,"s:56:25:67:Infinity":9,"b:69:4:78:Infinity:undefined:undefined:undefined:undefined":3,"s:69:4:78:Infinity":10,"s:70:6:77:Infinity":11,"s:82:6:84:Infinity":12,"b:82:6:82:Infinity:83:6:83:Infinity:84:6:84:Infinity":4,"b:86:4:98:Infinity:undefined:undefined:undefined:undefined":5,"s:86:4:98:Infinity":13,"s:88:19:91:Infinity":14,"s:93:6:97:Infinity":15,"s:101:17:104:Infinity":16,"s:106:4:110:Infinity":17,"b:113:4:115:Infinity:undefined:undefined:undefined:undefined":6,"s:113:4:115:Infinity":18,"b:113:8:113:17:113:17:113:46:113:46:113:69":7,"s:114:6:114:Infinity":19,"s:117:4:117:Infinity":20,"s:118:4:125:Infinity":21}}}
,"D:\\WebDev\\AKG_Websites\\stock-management-system\\server\\api\\items\\[id].get.ts": {"path":"D:\\WebDev\\AKG_Websites\\stock-management-system\\server\\api\\items\\[id].get.ts","statementMap":{"0":{"start":{"line":35,"column":20},"end":{"line":41,"column":null}},"1":{"start":{"line":39,"column":24},"end":{"line":39,"column":38}},"2":{"start":{"line":44,"column":15},"end":{"line":44,"column":null}},"3":{"start":{"line":46,"column":2},"end":{"line":55,"column":null}},"4":{"start":{"line":47,"column":4},"end":{"line":54,"column":null}},"5":{"start":{"line":57,"column":2},"end":{"line":203,"column":null}},"6":{"start":{"line":58,"column":15},"end":{"line":58,"column":null}},"7":{"start":{"line":60,"column":4},"end":{"line":69,"column":null}},"8":{"start":{"line":61,"column":6},"end":{"line":68,"column":null}},"9":{"start":{"line":72,"column":18},"end":{"line":72,"column":null}},"10":{"start":{"line":73,"column":44},"end":{"line":73,"column":null}},"11":{"start":{"line":76,"column":45},"end":{"line":76,"column":null}},"12":{"start":{"line":79,"column":4},"end":{"line":155,"column":null}},"13":{"start":{"line":81,"column":6},"end":{"line":97,"column":null}},"14":{"start":{"line":98,"column":4},"end":{"line":155,"column":null}},"15":{"start":{"line":100,"column":6},"end":{"line":112,"column":null}},"16":{"start":{"line":101,"column":26},"end":{"line":101,"column":null}},"17":{"start":{"line":101,"column":56},"end":{"line":101,"column":86}},"18":{"start":{"line":102,"column":8},"end":{"line":111,"column":null}},"19":{"start":{"line":103,"column":10},"end":{"line":110,"column":null}},"20":{"start":{"line":115,"column":6},"end":{"line":129,"column":null}},"21":{"start":{"line":130,"column":4},"end":{"line":155,"column":null}},"22":{"start":{"line":132,"column":30},"end":{"line":132,"column":null}},"23":{"start":{"line":132,"column":59},"end":{"line":132,"column":74}},"24":{"start":{"line":133,"column":6},"end":{"line":154,"column":null}},"25":{"start":{"line":134,"column":8},"end":{"line":153,"column":null}},"26":{"start":{"line":158,"column":17},"end":{"line":161,"column":null}},"27":{"start":{"line":163,"column":4},"end":{"line":172,"column":null}},"28":{"start":{"line":164,"column":6},"end":{"line":171,"column":null}},"29":{"start":{"line":174,"column":4},"end":{"line":174,"column":null}},"30":{"start":{"line":177,"column":4},"end":{"line":187,"column":null}},"31":{"start":{"line":178,"column":6},"end":{"line":186,"column":null}},"32":{"start":{"line":190,"column":4},"end":{"line":192,"column":null}},"33":{"start":{"line":191,"column":6},"end":{"line":191,"column":null}},"34":{"start":{"line":194,"column":4},"end":{"line":194,"column":null}},"35":{"start":{"line":195,"column":4},"end":{"line":202,"column":null}}},"fnMap":{"0":{"name":"(anonymous_0)","decl":{"start":{"line":39,"column":15},"end":{"line":39,"column":16}},"loc":{"start":{"line":39,"column":24},"end":{"line":39,"column":38}},"line":39},"1":{"name":"(anonymous_1)","decl":{"start":{"line":43,"column":34},"end":{"line":43,"column":41}},"loc":{"start":{"line":43,"column":51},"end":{"line":204,"column":1}},"line":43},"2":{"name":"(anonymous_2)","decl":{"start":{"line":101,"column":47},"end":{"line":101,"column":48}},"loc":{"start":{"line":101,"column":56},"end":{"line":101,"column":86}},"line":101},"3":{"name":"(anonymous_3)","decl":{"start":{"line":132,"column":50},"end":{"line":132,"column":51}},"loc":{"start":{"line":132,"column":59},"end":{"line":132,"column":74}},"line":132}},"branchMap":{"0":{"loc":{"start":{"line":46,"column":2},"end":{"line":55,"column":null}},"type":"if","locations":[{"start":{"line":46,"column":2},"end":{"line":55,"column":null}},{"start":{},"end":{}}],"line":46},"1":{"loc":{"start":{"line":60,"column":4},"end":{"line":69,"column":null}},"type":"if","locations":[{"start":{"line":60,"column":4},"end":{"line":69,"column":null}},{"start":{},"end":{}}],"line":60},"2":{"loc":{"start":{"line":79,"column":4},"end":{"line":155,"column":null}},"type":"if","locations":[{"start":{"line":79,"column":4},"end":{"line":155,"column":null}},{"start":{"line":98,"column":4},"end":{"line":155,"column":null}}],"line":79},"3":{"loc":{"start":{"line":79,"column":8},"end":{"line":79,"column":82}},"type":"binary-expr","locations":[{"start":{"line":79,"column":8},"end":{"line":79,"column":28}},{"start":{"line":79,"column":28},"end":{"line":79,"column":53}},{"start":{"line":79,"column":53},"end":{"line":79,"column":82}}],"line":79},"4":{"loc":{"start":{"line":98,"column":4},"end":{"line":155,"column":null}},"type":"if","locations":[{"start":{"line":98,"column":4},"end":{"line":155,"column":null}},{"start":{"line":130,"column":4},"end":{"line":155,"column":null}}],"line":98},"5":{"loc":{"start":{"line":100,"column":6},"end":{"line":112,"column":null}},"type":"if","locations":[{"start":{"line":100,"column":6},"end":{"line":112,"column":null}},{"start":{},"end":{}}],"line":100},"6":{"loc":{"start":{"line":102,"column":8},"end":{"line":111,"column":null}},"type":"if","locations":[{"start":{"line":102,"column":8},"end":{"line":111,"column":null}},{"start":{},"end":{}}],"line":102},"7":{"loc":{"start":{"line":130,"column":4},"end":{"line":155,"column":null}},"type":"if","locations":[{"start":{"line":130,"column":4},"end":{"line":155,"column":null}},{"start":{},"end":{}}],"line":130},"8":{"loc":{"start":{"line":132,"column":30},"end":{"line":132,"column":null}},"type":"binary-expr","locations":[{"start":{"line":132,"column":30},"end":{"line":132,"column":79}},{"start":{"line":132,"column":79},"end":{"line":132,"column":null}}],"line":132},"9":{"loc":{"start":{"line":133,"column":6},"end":{"line":154,"column":null}},"type":"if","locations":[{"start":{"line":133,"column":6},"end":{"line":154,"column":null}},{"start":{},"end":{}}],"line":133},"10":{"loc":{"start":{"line":163,"column":4},"end":{"line":172,"column":null}},"type":"if","locations":[{"start":{"line":163,"column":4},"end":{"line":172,"column":null}},{"start":{},"end":{}}],"line":163},"11":{"loc":{"start":{"line":177,"column":4},"end":{"line":187,"column":null}},"type":"if","locations":[{"start":{"line":177,"column":4},"end":{"line":187,"column":null}},{"start":{},"end":{}}],"line":177},"12":{"loc":{"start":{"line":190,"column":4},"end":{"line":192,"column":null}},"type":"if","locations":[{"start":{"line":190,"column":4},"end":{"line":192,"column":null}},{"start":{},"end":{}}],"line":190},"13":{"loc":{"start":{"line":190,"column":8},"end":{"line":190,"column":69}},"type":"binary-expr","locations":[{"start":{"line":190,"column":8},"end":{"line":190,"column":17}},{"start":{"line":190,"column":17},"end":{"line":190,"column":46}},{"start":{"line":190,"column":46},"end":{"line":190,"column":69}}],"line":190}},"s":{"0":0,"1":0,"2":0,"3":0,"4":0,"5":0,"6":0,"7":0,"8":0,"9":0,"10":0,"11":0,"12":0,"13":0,"14":0,"15":0,"16":0,"17":0,"18":0,"19":0,"20":0,"21":0,"22":0,"23":0,"24":0,"25":0,"26":0,"27":0,"28":0,"29":0,"30":0,"31":0,"32":0,"33":0,"34":0,"35":0},"f":{"0":0,"1":0,"2":0,"3":0},"b":{"0":[0,0],"1":[0,0],"2":[0,0],"3":[0,0,0],"4":[0,0],"5":[0,0],"6":[0,0],"7":[0,0],"8":[0,0],"9":[0,0],"10":[0,0],"11":[0,0],"12":[0,0],"13":[0,0,0]},"meta":{"lastBranch":14,"lastFunction":4,"lastStatement":36,"seen":{"s:35:20:41:Infinity":0,"f:39:15:39:16":0,"s:39:24:39:38":1,"f:43:34:43:41":1,"s:44:15:44:Infinity":2,"b:46:2:55:Infinity:undefined:undefined:undefined:undefined":0,"s:46:2:55:Infinity":3,"s:47:4:54:Infinity":4,"s:57:2:203:Infinity":5,"s:58:15:58:Infinity":6,"b:60:4:69:Infinity:undefined:undefined:undefined:undefined":1,"s:60:4:69:Infinity":7,"s:61:6:68:Infinity":8,"s:72:18:72:Infinity":9,"s:73:44:73:Infinity":10,"s:76:45:76:Infinity":11,"b:79:4:155:Infinity:98:4:155:Infinity":2,"s:79:4:155:Infinity":12,"b:79:8:79:28:79:28:79:53:79:53:79:82":3,"s:81:6:97:Infinity":13,"b:98:4:155:Infinity:130:4:155:Infinity":4,"s:98:4:155:Infinity":14,"b:100:6:112:Infinity:undefined:undefined:undefined:undefined":5,"s:100:6:112:Infinity":15,"s:101:26:101:Infinity":16,"f:101:47:101:48":2,"s:101:56:101:86":17,"b:102:8:111:Infinity:undefined:undefined:undefined:undefined":6,"s:102:8:111:Infinity":18,"s:103:10:110:Infinity":19,"s:115:6:129:Infinity":20,"b:130:4:155:Infinity:undefined:undefined:undefined:undefined":7,"s:130:4:155:Infinity":21,"s:132:30:132:Infinity":22,"b:132:30:132:79:132:79:132:Infinity":8,"f:132:50:132:51":3,"s:132:59:132:74":23,"b:133:6:154:Infinity:undefined:undefined:undefined:undefined":9,"s:133:6:154:Infinity":24,"s:134:8:153:Infinity":25,"s:158:17:161:Infinity":26,"b:163:4:172:Infinity:undefined:undefined:undefined:undefined":10,"s:163:4:172:Infinity":27,"s:164:6:171:Infinity":28,"s:174:4:174:Infinity":29,"b:177:4:187:Infinity:undefined:undefined:undefined:undefined":11,"s:177:4:187:Infinity":30,"s:178:6:186:Infinity":31,"b:190:4:192:Infinity:undefined:undefined:undefined:undefined":12,"s:190:4:192:Infinity":32,"b:190:8:190:17:190:17:190:46:190:46:190:69":13,"s:191:6:191:Infinity":33,"s:194:4:194:Infinity":34,"s:195:4:202:Infinity":35}}}
,"D:\\WebDev\\AKG_Websites\\stock-management-system\\server\\api\\items\\[id].patch.ts": {"path":"D:\\WebDev\\AKG_Websites\\stock-management-system\\server\\api\\items\\[id].patch.ts","statementMap":{"0":{"start":{"line":23,"column":25},"end":{"line":29,"column":null}},"1":{"start":{"line":32,"column":15},"end":{"line":32,"column":null}},"2":{"start":{"line":34,"column":2},"end":{"line":43,"column":null}},"3":{"start":{"line":35,"column":4},"end":{"line":42,"column":null}},"4":{"start":{"line":46,"column":2},"end":{"line":55,"column":null}},"5":{"start":{"line":47,"column":4},"end":{"line":54,"column":null}},"6":{"start":{"line":57,"column":2},"end":{"line":141,"column":null}},"7":{"start":{"line":58,"column":15},"end":{"line":58,"column":null}},"8":{"start":{"line":60,"column":4},"end":{"line":69,"column":null}},"9":{"start":{"line":61,"column":6},"end":{"line":68,"column":null}},"10":{"start":{"line":72,"column":25},"end":{"line":74,"column":null}},"11":{"start":{"line":76,"column":4},"end":{"line":85,"column":null}},"12":{"start":{"line":77,"column":6},"end":{"line":84,"column":null}},"13":{"start":{"line":88,"column":17},"end":{"line":88,"column":null}},"14":{"start":{"line":89,"column":17},"end":{"line":89,"column":null}},"15":{"start":{"line":92,"column":4},"end":{"line":101,"column":null}},"16":{"start":{"line":93,"column":6},"end":{"line":100,"column":null}},"17":{"start":{"line":104,"column":17},"end":{"line":107,"column":null}},"18":{"start":{"line":109,"column":4},"end":{"line":112,"column":null}},"19":{"start":{"line":115,"column":4},"end":{"line":125,"column":null}},"20":{"start":{"line":116,"column":6},"end":{"line":124,"column":null}},"21":{"start":{"line":128,"column":4},"end":{"line":130,"column":null}},"22":{"start":{"line":129,"column":6},"end":{"line":129,"column":null}},"23":{"start":{"line":132,"column":4},"end":{"line":132,"column":null}},"24":{"start":{"line":133,"column":4},"end":{"line":140,"column":null}}},"fnMap":{"0":{"name":"(anonymous_0)","decl":{"start":{"line":31,"column":34},"end":{"line":31,"column":41}},"loc":{"start":{"line":31,"column":51},"end":{"line":142,"column":1}},"line":31}},"branchMap":{"0":{"loc":{"start":{"line":34,"column":2},"end":{"line":43,"column":null}},"type":"if","locations":[{"start":{"line":34,"column":2},"end":{"line":43,"column":null}},{"start":{},"end":{}}],"line":34},"1":{"loc":{"start":{"line":46,"column":2},"end":{"line":55,"column":null}},"type":"if","locations":[{"start":{"line":46,"column":2},"end":{"line":55,"column":null}},{"start":{},"end":{}}],"line":46},"2":{"loc":{"start":{"line":60,"column":4},"end":{"line":69,"column":null}},"type":"if","locations":[{"start":{"line":60,"column":4},"end":{"line":69,"column":null}},{"start":{},"end":{}}],"line":60},"3":{"loc":{"start":{"line":76,"column":4},"end":{"line":85,"column":null}},"type":"if","locations":[{"start":{"line":76,"column":4},"end":{"line":85,"column":null}},{"start":{},"end":{}}],"line":76},"4":{"loc":{"start":{"line":92,"column":4},"end":{"line":101,"column":null}},"type":"if","locations":[{"start":{"line":92,"column":4},"end":{"line":101,"column":null}},{"start":{},"end":{}}],"line":92},"5":{"loc":{"start":{"line":115,"column":4},"end":{"line":125,"column":null}},"type":"if","locations":[{"start":{"line":115,"column":4},"end":{"line":125,"column":null}},{"start":{},"end":{}}],"line":115},"6":{"loc":{"start":{"line":128,"column":4},"end":{"line":130,"column":null}},"type":"if","locations":[{"start":{"line":128,"column":4},"end":{"line":130,"column":null}},{"start":{},"end":{}}],"line":128},"7":{"loc":{"start":{"line":128,"column":8},"end":{"line":128,"column":69}},"type":"binary-expr","locations":[{"start":{"line":128,"column":8},"end":{"line":128,"column":17}},{"start":{"line":128,"column":17},"end":{"line":128,"column":46}},{"start":{"line":128,"column":46},"end":{"line":128,"column":69}}],"line":128}},"s":{"0":0,"1":0,"2":0,"3":0,"4":0,"5":0,"6":0,"7":0,"8":0,"9":0,"10":0,"11":0,"12":0,"13":0,"14":0,"15":0,"16":0,"17":0,"18":0,"19":0,"20":0,"21":0,"22":0,"23":0,"24":0},"f":{"0":0},"b":{"0":[0,0],"1":[0,0],"2":[0,0],"3":[0,0],"4":[0,0],"5":[0,0],"6":[0,0],"7":[0,0,0]},"meta":{"lastBranch":8,"lastFunction":1,"lastStatement":25,"seen":{"s:23:25:29:Infinity":0,"f:31:34:31:41":0,"s:32:15:32:Infinity":1,"b:34:2:43:Infinity:undefined:undefined:undefined:undefined":0,"s:34:2:43:Infinity":2,"s:35:4:42:Infinity":3,"b:46:2:55:Infinity:undefined:undefined:undefined:undefined":1,"s:46:2:55:Infinity":4,"s:47:4:54:Infinity":5,"s:57:2:141:Infinity":6,"s:58:15:58:Infinity":7,"b:60:4:69:Infinity:undefined:undefined:undefined:undefined":2,"s:60:4:69:Infinity":8,"s:61:6:68:Infinity":9,"s:72:25:74:Infinity":10,"b:76:4:85:Infinity:undefined:undefined:undefined:undefined":3,"s:76:4:85:Infinity":11,"s:77:6:84:Infinity":12,"s:88:17:88:Infinity":13,"s:89:17:89:Infinity":14,"b:92:4:101:Infinity:undefined:undefined:undefined:undefined":4,"s:92:4:101:Infinity":15,"s:93:6:100:Infinity":16,"s:104:17:107:Infinity":17,"s:109:4:112:Infinity":18,"b:115:4:125:Infinity:undefined:undefined:undefined:undefined":5,"s:115:4:125:Infinity":19,"s:116:6:124:Infinity":20,"b:128:4:130:Infinity:undefined:undefined:undefined:undefined":6,"s:128:4:130:Infinity":21,"b:128:8:128:17:128:17:128:46:128:46:128:69":7,"s:129:6:129:Infinity":22,"s:132:4:132:Infinity":23,"s:133:4:140:Infinity":24}}}
,"D:\\WebDev\\AKG_Websites\\stock-management-system\\server\\api\\items\\index.get.ts": {"path":"D:\\WebDev\\AKG_Websites\\stock-management-system\\server\\api\\items\\index.get.ts","statementMap":{"0":{"start":{"line":40,"column":20},"end":{"line":50,"column":null}},"1":{"start":{"line":46,"column":24},"end":{"line":46,"column":38}},"2":{"start":{"line":53,"column":15},"end":{"line":53,"column":null}},"3":{"start":{"line":55,"column":2},"end":{"line":64,"column":null}},"4":{"start":{"line":56,"column":4},"end":{"line":63,"column":null}},"5":{"start":{"line":66,"column":2},"end":{"line":194,"column":null}},"6":{"start":{"line":68,"column":18},"end":{"line":68,"column":null}},"7":{"start":{"line":69,"column":69},"end":{"line":69,"column":null}},"8":{"start":{"line":72,"column":43},"end":{"line":72,"column":null}},"9":{"start":{"line":75,"column":4},"end":{"line":77,"column":null}},"10":{"start":{"line":76,"column":6},"end":{"line":76,"column":null}},"11":{"start":{"line":80,"column":4},"end":{"line":82,"column":null}},"12":{"start":{"line":81,"column":6},"end":{"line":81,"column":null}},"13":{"start":{"line":85,"column":4},"end":{"line":90,"column":null}},"14":{"start":{"line":86,"column":6},"end":{"line":89,"column":null}},"15":{"start":{"line":93,"column":10},"end":{"line":93,"column":null}},"16":{"start":{"line":94,"column":17},"end":{"line":94,"column":null}},"17":{"start":{"line":97,"column":45},"end":{"line":97,"column":null}},"18":{"start":{"line":100,"column":4},"end":{"line":130,"column":null}},"19":{"start":{"line":102,"column":6},"end":{"line":114,"column":null}},"20":{"start":{"line":103,"column":26},"end":{"line":103,"column":null}},"21":{"start":{"line":103,"column":56},"end":{"line":103,"column":86}},"22":{"start":{"line":104,"column":8},"end":{"line":113,"column":null}},"23":{"start":{"line":105,"column":10},"end":{"line":112,"column":null}},"24":{"start":{"line":116,"column":6},"end":{"line":129,"column":null}},"25":{"start":{"line":133,"column":27},"end":{"li
[...]
line":237,"column":17},"end":{"line":263,"column":null}},"line":237},"11":{"name":"getCurrentStockLevel","decl":{"start":{"line":272,"column":22},"end":{"line":272,"column":43}},"loc":{"start":{"line":272,"column":96},"end":{"line":286,"column":null}},"line":272},"12":{"name":"hasStock","decl":{"start":{"line":295,"column":22},"end":{"line":295,"column":31}},"loc":{"start":{"line":295,"column":85},"end":{"line":298,"column":null}},"line":295},"13":{"name":"validatePositiveQuantity","decl":{"start":{"line":307,"column":16},"end":{"line":307,"column":41}},"loc":{"start":{"line":307,"column":97},"end":{"line":315,"column":null}},"line":307},"14":{"name":"validatePositiveQuantities","decl":{"start":{"line":323,"column":16},"end":{"line":323,"column":null}},"loc":{"start":{"line":325,"column":8},"end":{"line":330,"column":null}},"line":325},"15":{"name":"(anonymous_15)","decl":{"start":{"line":326,"column":16},"end":{"line":326,"column":17}},"loc":{"start":{"line":326,"column":33},"end":{"line":329,"column":3}},"line":326}},"branchMap":{"0":{"loc":{"start":{"line":83,"column":2},"end":{"line":85,"column":null}},"type":"if","locations":[{"start":{"line":83,"column":2},"end":{"line":85,"column":null}},{"start":{},"end":{}}],"line":83},"1":{"loc":{"start":{"line":124,"column":28},"end":{"line":124,"column":null}},"type":"cond-expr","locations":[{"start":{"line":124,"column":53},"end":{"line":124,"column":85}},{"start":{"line":124,"column":85},"end":{"line":124,"column":null}}],"line":124},"2":{"loc":{"start":{"line":128,"column":14},"end":{"line":128,"column":null}},"type":"binary-expr","locations":[{"start":{"line":128,"column":14},"end":{"line":128,"column":42}},{"start":{"line":128,"column":42},"end":{"line":128,"column":null}}],"line":128},"3":{"loc":{"start":{"line":129,"column":14},"end":{"line":129,"column":null}},"type":"binary-expr","locations":[{"start":{"line":129,"column":14},"end":{"line":129,"column":42}},{"start":{"line":129,"column":42},"end":{"line":129,"column":null}}],"line":129},"4":{"loc":{"start":{"line":130,"column":10},"end":{"line":130,"column":null}},"type":"binary-expr","locations":[{"start":{"line":130,"column":10},"end":{"line":130,"column":38}},{"start":{"line":130,"column":38},"end":{"line":130,"column":null}}],"line":130},"5":{"loc":{"start":{"line":212,"column":19},"end":{"line":212,"column":null}},"type":"binary-expr","locations":[{"start":{"line":212,"column":19},"end":{"line":212,"column":37}},{"start":{"line":212,"column":37},"end":{"line":212,"column":null}}],"line":212},"6":{"loc":{"start":{"line":244,"column":2},"end":{"line":253,"column":null}},"type":"if","locations":[{"start":{"line":244,"column":2},"end":{"line":253,"column":null}},{"start":{},"end":{}}],"line":244},"7":{"loc":{"start":{"line":259,"column":2},"end":{"line":262,"column":null}},"type":"if","locations":[{"start":{"line":259,"column":2},"end":{"line":262,"column":null}},{"start":{},"end":{}}],"line":259},"8":{"loc":{"start":{"line":285,"column":9},"end":{"line":285,"column":null}},"type":"cond-expr","locations":[{"start":{"line":285,"column":34},"end":{"line":285,"column":66}},{"start":{"line":285,"column":66},"end":{"line":285,"column":null}}],"line":285},"9":{"loc":{"start":{"line":307,"column":59},"end":{"line":307,"column":97}},"type":"default-arg","locations":[{"start":{"line":307,"column":79},"end":{"line":307,"column":97}}],"line":307},"10":{"loc":{"start":{"line":308,"column":2},"end":{"line":310,"column":null}},"type":"if","locations":[{"start":{"line":308,"column":2},"end":{"line":310,"column":null}},{"start":{},"end":{}}],"line":308},"11":{"loc":{"start":{"line":312,"column":2},"end":{"line":314,"column":null}},"type":"if","locations":[{"start":{"line":312,"column":2},"end":{"line":314,"column":null}},{"start":{},"end":{}}],"line":312},"12":{"loc":{"start":{"line":327,"column":22},"end":{"line":327,"column":null}},"type":"binary-expr","locations":[{"start":{"line":327,"column":22},"end":{"line":327,"column":39}},{"start":{"line":327,"column":39},"end":{"line":327,"column":null}}],"line":327}},"s":{"0":15,"1":15,"2":15,"3":7,"4":15,"5":0,"6":0,"7":0,"8":0,"9":0,"10":0,"11":0,"12":0,"13":0,"14":4,"15":7,"16":2,"17":4,"18":0,"19":0,"20":0,"21":0,"22":0,"23":0,"24":0,"25":0,"26":0,"27":0,"28":0,"29":0,"30":0,"31":0,"32":0,"33":0,"34":17,"35":6,"36":11,"37":2,"38":5,"39":9,"40":9},"f":{"0":15,"1":0,"2":0,"3":4,"4":7,"5":2,"6":4,"7":0,"8":0,"9":0,"10":0,"11":0,"12":0,"13":17,"14":5,"15":9},"b":{"0":[7,8],"1":[0,0],"2":[0,0],"3":[0,0],"4":[0,0],"5":[0,0],"6":[0,0],"7":[0,0],"8":[0,0],"9":[17],"10":[6,11],"11":[2,9],"12":[9,2]},"meta":{"lastBranch":13,"lastFunction":16,"lastStatement":41,"seen":{"f:61:16:61:Infinity":0,"s:71:18:71:Infinity":0,"s:73:40:81:Infinity":1,"b:83:2:85:Infinity:undefined:undefined:undefined:undefined":0,"s:83:2:85:Infinity":2,"s:84:4:84:Infinity":3,"s:87:2:87:Infinity":4,"f:99:22:99:Infinity":1,"s:105:24:121:Infinity":5,"s:124:28:124:Infinity":6,"b:124:53:124:85:124:85:124:Infinity":1,"s:126:22:131:Infinity":7,"b:128:14:128:42:128:42:128:Infinity":2,"b:129:14:129:42:129:42:129:Infinity":3,"b:130:10:130:38:130:38:130:Infinity":4,"s:133:2:133:Infinity":8,"f:143:22:143:Infinity":2,"s:147:43:147:Infinity":9,"s:149:2:152:Infinity":10,"s:150:19:150:Infinity":11,"s:151:4:151:Infinity":12,"s:154:2:154:Infinity":13,"f:163:16:163:38":3,"s:164:2:164:Infinity":14,"f:164:33:164:34":4,"s:164:45:164:59":15,"f:173:16:173:Infinity":5,"s:176:2:176:Infinity":16,"f:176:34:176:35":6,"s:176:46:176:61":17,"f:187:16:187:Infinity":7,"s:192:20:197:Infinity":18,"f:194:6:194:7":8,"s:195:8:195:Infinity":19,"s:199:40:215:Infinity":20,"f:205:47:205:48":9,"s:205:58:213:8":21,"b:212:19:212:37:212:37:212:Infinity":5,"s:217:2:221:Infinity":22,"f:234:22:234:Infinity":10,"s:239:19:242:Infinity":23,"b:244:2:253:Infinity:undefined:undefined:undefined:undefined":6,"s:244:2:253:Infinity":24,"s:245:4:252:Infinity":25,"s:256:28:256:Infinity":26,"b:259:2:262:Infinity:undefined:undefined:undefined:undefined":7,"s:259:2:262:Infinity":27,"s:260:30:260:Infinity":28,"s:261:4:261:Infinity":29,"f:272:22:272:43":11,"s:273:24:283:Infinity":30,"s:285:2:285:Infinity":31,"b:285:34:285:66:285:66:285:Infinity":8,"f:295:22:295:31":12,"s:296:23:296:Infinity":32,"s:297:2:297:Infinity":33,"f:307:16:307:41":13,"b:307:79:307:97":9,"b:308:2:310:Infinity:undefined:undefined:undefined:undefined":10,"s:308:2:310:Infinity":34,"s:309:4:309:Infinity":35,"b:312:2:314:Infinity:undefined:undefined:undefined:undefined":11,"s:312:2:314:Infinity":36,"s:313:4:313:Infinity":37,"f:323:16:323:Infinity":14,"s:326:2:329:Infinity":38,"f:326:16:326:17":15,"s:327:22:327:Infinity":39,"b:327:22:327:39:327:39:327:Infinity":12,"s:328:4:328:Infinity":40}}}
,"D:\\WebDev\\AKG_Websites\\stock-management-system\\server\\utils\\wac.ts": {"path":"D:\\WebDev\\AKG_Websites\\stock-management-system\\server\\utils\\wac.ts","statementMap":{"0":{"start":{"line":77,"column":2},"end":{"line":79,"column":null}},"1":{"start":{"line":78,"column":4},"end":{"line":78,"column":null}},"2":{"start":{"line":80,"column":2},"end":{"line":82,"column":null}},"3":{"start":{"line":81,"column":4},"end":{"line":81,"column":null}},"4":{"start":{"line":83,"column":2},"end":{"line":85,"column":null}},"5":{"start":{"line":84,"column":4},"end":{"line":84,"column":null}},"6":{"start":{"line":86,"column":2},"end":{"line":88,"column":null}},"7":{"start":{"line":87,"column":4},"end":{"line":87,"column":null}},"8":{"start":{"line":90,"column":2},"end":{"line":92,"column":null}},"9":{"start":{"line":91,"column":4},"end":{"line":91,"column":null}},"10":{"start":{"line":93,"column":2},"end":{"line":95,"column":null}},"11":{"start":{"line":94,"column":4},"end":{"line":94,"column":null}},"12":{"start":{"line":96,"column":2},"end":{"line":98,"column":null}},"13":{"start":{"line":97,"column":4},"end":{"line":97,"column":null}},"14":{"start":{"line":99,"column":2},"end":{"line":101,"column":null}},"15":{"start":{"line":100,"column":4},"end":{"line":100,"column":null}},"16":{"start":{"line":104,"column":23},"end":{"line":104,"column":null}},"17":{"start":{"line":107,"column":23},"end":{"line":107,"column":null}},"18":{"start":{"line":110,"column":22},"end":{"line":110,"column":null}},"19":{"start":{"line":114,"column":17},"end":{"line":114,"column":null}},"20":{"start":{"line":117,"column":19},"end":{"line":117,"column":null}},"21":{"start":{"line":120,"column":2},"end":{"line":126,"column":null}},"22":{"start":{"line":148,"column":17},"end":{"line":148,"column":null}},"23":{"start":{"line":149,"column":2},"end":{"line":149,"column":null}},"24":{"start":{"line":170,"column":17},"end":{"line":170,"column":null}},"25":{"start":{"line":171,"column":2},"end":{"line":171,"column":null}},"26":{"start":{"line":192,"column":2},"end":{"line":222,"column":null}},"27":{"start":{"line":193,"column":4},"end":{"line":195,"column":null}},"28":{"start":{"line":194,"column":6},"end":{"line":194,"column":null}},"29":{"start":{"line":196,"column":4},"end":{"line":198,"column":null}},"30":{"start":{"line":197,"column":6},"end":{"line":197,"column":null}},"31":{"start":{"line":199,"column":4},"end":{"line":201,"column":null}},"32":{"start":{"line":200,"column":6},"end":{"line":200,"column":null}},"33":{"start":{"line":202,"column":4},"end":{"line":204,"column":null}},"34":{"start":{"line":203,"column":6},"end":{"line":203,"column":null}},"35":{"start":{"line":206,"column":4},"end":{"line":208,"column":null}},"36":{"start":{"line":207,"column":6},"end":{"line":207,"column":null}},"37":{"start":{"line":209,"column":4},"end":{"line":211,"column":null}},"38":{"start":{"line":210,"column":6},"end":{"line":210,"column":null}},"39":{"start":{"line":212,"column":4},"end":{"line":214,"column":null}},"40":{"start":{"line":213,"column":6},"end":{"line":213,"column":null}},"41":{"start":{"line":215,"column":4},"end":{"line":217,"column":null}},"42":{"start":{"line":216,"column":6},"end":{"line":216,"column":null}},"43":{"start":{"line":219,"column":4},"end":{"line":219,"column":null}},"44":{"start":{"line":221,"column":4},"end":{"line":221,"column":null}}},"fnMap":{"0":{"name":"calculateWAC","decl":{"start":{"line":70,"column":16},"end":{"line":70,"column":null}},"loc":{"start":{"line":75,"column":24},"end":{"line":127,"column":null}},"line":75},"1":{"name":"previewWAC","decl":{"start":{"line":142,"column":16},"end":{"line":142,"column":null}},"loc":{"start":{"line":147,"column":10},"end":{"line":150,"column":null}},"line":147},"2":{"name":"calculateReceiptValueImpact","decl":{"start":{"line":164,"column":16},"end":{"line":164,"column":null}},"loc":{"start":{"line":169,"column":10},"end":{"line":172,"column":null}},"line":169},"3":{"name":"validateWACInputs","decl":{"start":{"line":186,"column":16},"end":{"line":186,"column":null}},"loc":{"start":{"line":191,"column":38},"end":{"line":223,"column":null}},"line":191}},"branchMap":{"0":{"loc":{"start":{"line":77,"column":2},"end":{"line":79,"column":null}},"type":"if","locations":[{"start":{"line":77,"column":2},"end":{"line":79,"column":null}},{"start":{},"end":{}}],"line":77},"1":{"loc":{"start":{"line":77,"column":6},"end":{"line":77,"column":70}},"type":"binary-expr","locations":[{"start":{"line":77,"column":6},"end":{"line":77,"column":40}},{"start":{"line":77,"column":40},"end":{"line":77,"column":70}}],"line":77},"2":{"loc":{"start":{"line":80,"column":2},"end":{"line":82,"column":null}},"type":"if","locations":[{"start":{"line":80,"column":2},"end":{"line":82,"column":null}},{"start":{},"end":{}}],"line":80},"3":{"loc":{"start":{"line":80,"column":6},"end":{"line":80,"column":70}},"type":"binary-expr","locations":[{"start":{"line":80,"column":6},"end":{"line":80,"column":40}},{"start":{"line":80,"column":40},"end":{"line":80,"column":70}}],"line":80},"4":{"loc":{"start":{"line":83,"column":2},"end":{"line":85,"column":null}},"type":"if","locations":[{"start":{"line":83,"column":2},"end":{"line":85,"column":null}},{"start":{},"end":{}}],"line":83},"5":{"loc":{"start":{"line":83,"column":6},"end":{"line":83,"column":72}},"type":"binary-expr","locations":[{"start":{"line":83,"column":6},"end":{"line":83,"column":41}},{"start":{"line":83,"column":41},"end":{"line":83,"column":72}}],"line":83},"6":{"loc":{"start":{"line":86,"column":2},"end":{"line":88,"column":null}},"type":"if","locations":[{"start":{"line":86,"column":2},"end":{"line":88,"column":null}},{"start":{},"end":{}}],"line":86},"7":{"loc":{"start":{"line":86,"column":6},"end":{"line":86,"column":74}},"type":"binary-expr","locations":[{"start":{"line":86,"column":6},"end":{"line":86,"column":42}},{"start":{"line":86,"column":42},"end":{"line":86,"column":74}}],"line":86},"8":{"loc":{"start":{"line":90,"column":2},"end":{"line":92,"column":null}},"type":"if","locations":[{"start":{"line":90,"column":2},"end":{"line":92,"column":null}},{"start":{},"end":{}}],"line":90},"9":{"loc":{"start":{"line":93,"column":2},"end":{"line":95,"column":null}},"type":"if","locations":[{"start":{"line":93,"column":2},"end":{"line":95,"column":null}},{"start":{},"end":{}}],"line":93},"10":{"loc":{"start":{"line":96,"column":2},"end":{"line":98,"column":null}},"type":"if","locations":[{"start":{"line":96,"column":2},"end":{"line":98,"column":null}},{"start":{},"end":{}}],"line":96},"11":{"loc":{"start":{"line":99,"column":2},"end":{"line":101,"column":null}},"type":"if","locations":[{"start":{"line":99,"column":2},"end":{"line":101,"column":null}},{"start":{},"end":{}}],"line":99},"12":{"loc":{"start":{"line":114,"column":17},"end":{"line":114,"column":null}},"type":"cond-expr","locations":[{"start":{"line":114,"column":31},"end":{"line":114,"column":81}},{"start":{"line":114,"column":81},"end":{"line":114,"column":null}}],"line":114},"13":{"loc":{"start":{"line":193,"column":4},"end":{"line":195,"column":null}},"type":"if","locations":[{"start":{"line":193,"column":4},"end":{"line":195,"column":null}},{"start":{},"end":{}}],"line":193},"14":{"loc":{"start":{"line":193,"column":8},"end":{"line":193,"column":72}},"type":"binary-expr","locations":[{"start":{"line":193,"column":8},"end":{"line":193,"column":42}},{"start":{"line":193,"column":42},"end":{"line":193,"column":72}}],"line":193},"15":{"loc":{"start":{"line":196,"column":4},"end":{"line":198,"column":null}},"type":"if","locations":[{"start":{"line":196,"column":4},"end":{"line":198,"column":null}},{"start":{},"end":{}}],"line":196},"16":{"loc":{"start":{"line":196,"column":8},"end":{"line":196,"column":72}},"type":"binary-expr","locations":[{"start":{"line":196,"column":8},"end":{"line":196,"column":42}},{"start":{"line":196,"column":42},"end":{"line":196,"column":72}}],"line":196},"17":{"loc":{"start":{"line":199,"column":4},"end":{"line":201,"column":null}},"type":"if","locations":[{"start":{"line":199,"column":4},"end":{"line":201,"column":null}},{"start":{},"end":{}}],"line":199},"18":{"loc":{"start":{"line":199,"column":8},"end":{"line":199,"column":74}},"type":"binary-expr","locations":[{"start":{"line":199,"column":8},"end":{"line":199,"column":43}},{"start":{"line":199,"column":43},"end":{"line":199,"column":74}}],"line":199},"19":{"loc":{"start":{"line":202,"column":4},"end":{"line":204,"column":null}},"type":"if","locations":[{"start":{"line":202,"column":4},"end":{"line":204,"column":null}},{"start":{},"end":{}}],"line":202},"20":{"loc":{"start":{"line":202,"column":8},"end":{"line":202,"column":76}},"type":"binary-expr","locations":[{"start":{"line":202,"column":8},"end":{"line":202,"column":44}},{"start":{"line":202,"column":44},"end":{"line":202,"column":76}}],"line":202},"21":{"loc":{"start":{"line":206,"column":4},"end":{"line":208,"column":null}},"type":"if","locations":[{"start":{"line":206,"column":4},"end":{"line":208,"column":null}},{"start":{},"end":{}}],"line":206},"22":{"loc":{"start":{"line":209,"column":4},"end":{"line":211,"column":null}},"type":"if","locations":[{"start":{"line":209,"column":4},"end":{"line":211,"column":null}},{"start":{},"end":{}}],"line":209},"23":{"loc":{"start":{"line":212,"column":4},"end":{"line":214,"column":null}},"type":"if","locations":[{"start":{"line":212,"column":4},"end":{"line":214,"column":null}},{"start":{},"end":{}}],"line":212},"24":{"loc":{"start":{"line":215,"column":4},"end":{"line":217,"column":null}},"type":"if","locations":[{"start":{"line":215,"column":4},"end":{"line":217,"column":null}},{"start":{},"end":{}}],"line":215},"25":{"loc":{"start":{"line":221,"column":34},"end":{"line":221,"column":91}},"type":"cond-expr","locations":[{"start":{"line":221,"column":59},"end":{"line":221,"column":75}},{"start":{"line":221,"column":75},"end":{"line":221,"column":91}}],"line":221}},"s":{"0":33,"1":3,"2":30,"3":0,"4":30,"5":0,"6":30,"7":0,"8":30,"9":1,"10":29,"11":1,"12":28,"13":2,"14":26,"15":1,"16":25,"17":25,"18":25,"19":25,"20":33,"21":33,"22":2,"23":2,"24":2,"25":2,"26":7,"27":7,"28":1,"29":6,"30":1,"31":5,"32":0,"33":5,"34":0,"35":5,"36":1,"37":4,"38":1,"39":3,"40":1,"41":2,"42":1,"43":1,"44":0},"f":{"0":33,"1":2,"2":2,"3":7},"b":{"0":[3,30],"1":[33,32],"2":[0,30],"3":[30,30],"4":[0,30],"5":[30,30],"6":[0,30],"7":[30,30],"8":[1,29],"9":[1,28],"10":[2,26],"11":[1,25],"12":[25,0],"13":[1,6],"14":[7,7],"15":[1,5],"16":[6,6],"17":[0,5],"18":[5,5],"19":[0,5],"20":[5,5],"21":[1,4],"22":[1,3],"23":[1,2],"24":[1,1],"25":[0,0]},"meta":{"lastBranch":26,"lastFunction":4,"lastStatement":45,"seen":{"f:70:16:70:Infinity":0,"b:77:2:79:Infinity:undefined:undefined:undefined:undefined":0,"s:77:2:79:Infinity":0,"b:77:6:77:40:77:40:77:70":1,"s:78:4:78:Infinity":1,"b:80:2:82:Infinity:undefined:undefined:undefined:undefined":2,"s:80:2:82:Infinity":2,"b:80:6:80:40:80:40:80:70":3,"s:81:4:81:Infinity":3,"b:83:2:85:Infinity:undefined:undefined:undefined:undefined":4,"s:83:2:85:Infinity":4,"b:83:6:83:41:83:41:83:72":5,"s:84:4:84:Infinity":5,"b:86:2:88:Infinity:undefined:undefined:undefined:undefined":6,"s:86:2:88:Infinity":6,"b:86:6:86:42:86:42:86:74":7,"s:87:4:87:Infinity":7,"b:90:2:92:Infinity:undefined:undefined:undefined:undefined":8,"s:90:2:92:Infinity":8,"s:91:4:91:Infinity":9,"b:93:2:95:Infinity:undefined:undefined:undefined:undefined":9,"s:93:2:95:Infinity":10,"s:94:4:94:Infinity":11,"b:96:2:98:Infinity:undefined:undefined:undefined:undefined":10,"s:96:2:98:Infinity":12,"s:97:4:97:Infinity":13,"b:99:2:101:Infinity:undefined:undefined:undefined:undefined":11,"s:99:2:101:Infinity":14,"s:100:4:100:Infinity":15,"s:104:23:104:Infinity":16,"s:107:23:107:Infinity":17,"s:110:22:110:Infinity":18,"s:114:17:114:Infinity":19,"b:114:31:114:81:114:81:114:Infinity":12,"s:117:19:117:Infinity":20,"s:120:2:126:Infinity":21,"f:142:16:142:Infinity":1,"s:148:17:148:Infinity":22,"s:149:2:149:Infinity":23,"f:164:16:164:Infinity":2,"s:170:17:170:Infinity":24,"s:171:2:171:Infinity":25,"f:186:16:186:Infinity":3,"s:192:2:222:Infinity":26,"b:193:4:195:Infinity:undefined:undefined:undefined:undefined":13,"s:193:4:195:Infinity":27,"b:193:8:193:42:193:42:193:72":14,"s:194:6:194:Infinity":28,"b:196:4:198:Infinity:undefined:undefined:undefined:undefined":15,"s:196:4:198:Infinity":29,"b:196:8:196:42:196:42:196:72":16,"s:197:6:197:Infinity":30,"b:199:4:201:Infinity:undefined:undefined:undefined:undefined":17,"s:199:4:201:Infinity":31,"b:199:8:199:43:199:43:199:74":18,"s:200:6:200:Infinity":32,"b:202:4:204:Infinity:undefined:undefined:undefined:undefined":19,"s:202:4:204:Infinity":33,"b:202:8:202:44:202:44:202:76":20,"s:203:6:203:Infinity":34,"b:206:4:208:Infinity:undefined:undefined:undefined:undefined":21,"s:206:4:208:Infinity":35,"s:207:6:207:Infinity":36,"b:209:4:211:Infinity:undefined:undefined:undefined:undefined":22,"s:209:4:211:Infinity":37,"s:210:6:210:Infinity":38,"b:212:4:214:Infinity:undefined:undefined:undefined:undefined":23,"s:212:4:214:Infinity":39,"s:213:6:213:Infinity":40,"b:215:4:217:Infinity:undefined:undefined:undefined:undefined":24,"s:215:4:217:Infinity":41,"s:216:6:216:Infinity":42,"s:219:4:219:Infinity":43,"s:221:4:221:Infinity":44,"b:221:59:221:75:221:75:221:91":25}}}
}
